This is pdfTeX, Version 3.1415926-2.4-1.40.13 (TeX Live 2012) (format=pdflatex 2014.1.23)  10 FEB 2014 23:44
entering extended mode
 restricted \write18 enabled.
 file:line:error style messages enabled.
 %&-line parsing enabled.
**manual2.tex
(./manual2.tex
LaTeX2e <2011/06/27>
Babel <v3.8m> and hyphenation patterns for english, dumylang, nohyphenation, ge
rman-x-2012-05-30, ngerman-x-2012-05-30, afrikaans, ancientgreek, ibycus, arabi
c, armenian, basque, bulgarian, catalan, pinyin, coptic, croatian, czech, danis
h, dutch, ukenglish, usenglishmax, esperanto, estonian, ethiopic, farsi, finnis
h, french, friulan, galician, german, ngerman, swissgerman, monogreek, greek, h
ungarian, icelandic, assamese, bengali, gujarati, hindi, kannada, malayalam, ma
rathi, oriya, panjabi, tamil, telugu, indonesian, interlingua, irish, italian, 
kurmanji, latin, latvian, lithuanian, mongolian, mongolianlmc, bokmal, nynorsk,
 piedmontese, polish, portuguese, romanian, romansh, russian, sanskrit, serbian
, serbianc, slovak, slovenian, spanish, swedish, turkish, turkmen, ukrainian, u
ppersorbian, welsh, loaded.
(/usr/local/texlive/2012/texmf-dist/tex/latex/base/book.cls
Document Class: book 2007/10/19 v1.4h Standard LaTeX document class
(/usr/local/texlive/2012/texmf-dist/tex/latex/base/bk11.clo
File: bk11.clo 2007/10/19 v1.4h Standard LaTeX file (size option)
)
\c@part=\count79
\c@chapter=\count80
\c@section=\count81
\c@subsection=\count82
\c@subsubsection=\count83
\c@paragraph=\count84
\c@subparagraph=\count85
\c@figure=\count86
\c@table=\count87
\abovecaptionskip=\skip41
\belowcaptionskip=\skip42
\bibindent=\dimen102
)
(/usr/local/texlive/2012/texmf-dist/tex/latex/harvard/harvard.sty
Package: harvard 

(/usr/local/texlive/2012/texmf-dist/tex/latex/base/ifthen.sty
Package: ifthen 2001/05/26 v1.1c Standard LaTeX ifthen package (DPC)
))
(/usr/local/texlive/2012/texmf-dist/tex/latex/graphics/graphicx.sty
Package: graphicx 1999/02/16 v1.0f Enhanced LaTeX Graphics (DPC,SPQR)

(/usr/local/texlive/2012/texmf-dist/tex/latex/graphics/keyval.sty
Package: keyval 1999/03/16 v1.13 key=value parser (DPC)
\KV@toks@=\toks14
)
(/usr/local/texlive/2012/texmf-dist/tex/latex/graphics/graphics.sty
Package: graphics 2009/02/05 v1.0o Standard LaTeX Graphics (DPC,SPQR)

(/usr/local/texlive/2012/texmf-dist/tex/latex/graphics/trig.sty
Package: trig 1999/03/16 v1.09 sin cos tan (DPC)
)
(/usr/local/texlive/2012/texmf-dist/tex/latex/latexconfig/graphics.cfg
File: graphics.cfg 2010/04/23 v1.9 graphics configuration of TeX Live
)
Package graphics Info: Driver file: pdftex.def on input line 91.

(/usr/local/texlive/2012/texmf-dist/tex/latex/pdftex-def/pdftex.def
File: pdftex.def 2011/05/27 v0.06d Graphics/color for pdfTeX

(/usr/local/texlive/2012/texmf-dist/tex/generic/oberdiek/infwarerr.sty
Package: infwarerr 2010/04/08 v1.3 Providing info/warning/error messages (HO)
)
(/usr/local/texlive/2012/texmf-dist/tex/generic/oberdiek/ltxcmds.sty
Package: ltxcmds 2011/11/09 v1.22 LaTeX kernel commands for general use (HO)
)
\Gread@gobject=\count88
))
\Gin@req@height=\dimen103
\Gin@req@width=\dimen104
)
(/usr/local/texlive/2012/texmf-dist/tex/generic/epsf/epsf.sty
This is `epsf.tex' v2.7.4 <14 February 2011>
\epsffilein=\read1
\epsfframemargin=\dimen105
\epsfframethickness=\dimen106
\epsfrsize=\dimen107
\epsftmp=\dimen108
\epsftsize=\dimen109
\epsfxsize=\dimen110
\epsfysize=\dimen111
\pspoints=\dimen112
) (/usr/local/texlive/2012/texmf-dist/tex/latex/oberdiek/epstopdf.sty
Package: epstopdf 2010/02/09 v2.5 Conversion with epstopdf on the fly (HO)

(/usr/local/texlive/2012/texmf-dist/tex/latex/oberdiek/epstopdf-base.sty
Package: epstopdf-base 2010/02/09 v2.5 Base part for package epstopdf

(/usr/local/texlive/2012/texmf-dist/tex/latex/oberdiek/grfext.sty
Package: grfext 2010/08/19 v1.1 Manage graphics extensions (HO)

(/usr/local/texlive/2012/texmf-dist/tex/generic/oberdiek/kvdefinekeys.sty
Package: kvdefinekeys 2011/04/07 v1.3 Define keys (HO)
))
(/usr/local/texlive/2012/texmf-dist/tex/latex/oberdiek/kvoptions.sty
Package: kvoptions 2011/06/30 v3.11 Key value format for package options (HO)

(/usr/local/texlive/2012/texmf-dist/tex/generic/oberdiek/kvsetkeys.sty
Package: kvsetkeys 2012/04/25 v1.16 Key value parser (HO)

(/usr/local/texlive/2012/texmf-dist/tex/generic/oberdiek/etexcmds.sty
Package: etexcmds 2011/02/16 v1.5 Avoid name clashes with e-TeX commands (HO)

(/usr/local/texlive/2012/texmf-dist/tex/generic/oberdiek/ifluatex.sty
Package: ifluatex 2010/03/01 v1.3 Provides the ifluatex switch (HO)
Package ifluatex Info: LuaTeX not detected.
)
Package etexcmds Info: Could not find \expanded.
(etexcmds)             That can mean that you are not using pdfTeX 1.50 or
(etexcmds)             that some package has redefined \expanded.
(etexcmds)             In the latter case, load this package earlier.
)))
(/usr/local/texlive/2012/texmf-dist/tex/generic/oberdiek/pdftexcmds.sty
Package: pdftexcmds 2011/11/29 v0.20 Utility functions of pdfTeX for LuaTeX (HO
)

(/usr/local/texlive/2012/texmf-dist/tex/generic/oberdiek/ifpdf.sty
Package: ifpdf 2011/01/30 v2.3 Provides the ifpdf switch (HO)
Package ifpdf Info: pdfTeX in PDF mode is detected.
)
Package pdftexcmds Info: LuaTeX not detected.
Package pdftexcmds Info: \pdf@primitive is available.
Package pdftexcmds Info: \pdf@ifprimitive is available.
Package pdftexcmds Info: \pdfdraftmode found.
)
Package grfext Info: Graphics extension search list:
(grfext)             [.png,.pdf,.jpg,.mps,.jpeg,.jbig2,.jb2,.PNG,.PDF,.JPG,.JPE
G,.JBIG2,.JB2,.eps]
(grfext)             \AppendGraphicsExtensions on input line 452.

(/usr/local/texlive/2012/texmf-dist/tex/latex/latexconfig/epstopdf-sys.cfg
File: epstopdf-sys.cfg 2010/07/13 v1.3 Configuration of (r)epstopdf for TeX Liv
e
)))
(/usr/local/texlive/2012/texmf-dist/tex/latex/vmargin/vmargin.sty
Package: vmargin 2004/07/15 V2.5 set document margins (VK)

Package: vmargin 2004/07/15 V2.5 set document margins (VK)
\PaperWidth=\dimen113
\PaperHeight=\dimen114
) (/usr/local/texlive/2012/texmf-dist/tex/latex/tools/xspace.sty
Package: xspace 2009/10/20 v1.13 Space after command names (DPC,MH)
)
(./manual2.aux)
\openout1 = `manual2.aux'.

LaTeX Font Info:    Checking defaults for OML/cmm/m/it on input line 28.
LaTeX Font Info:    ... okay on input line 28.
LaTeX Font Info:    Checking defaults for T1/cmr/m/n on input line 28.
LaTeX Font Info:    ... okay on input line 28.
LaTeX Font Info:    Checking defaults for OT1/cmr/m/n on input line 28.
LaTeX Font Info:    ... okay on input line 28.
LaTeX Font Info:    Checking defaults for OMS/cmsy/m/n on input line 28.
LaTeX Font Info:    ... okay on input line 28.
LaTeX Font Info:    Checking defaults for OMX/cmex/m/n on input line 28.
LaTeX Font Info:    ... okay on input line 28.
LaTeX Font Info:    Checking defaults for U/cmr/m/n on input line 28.
LaTeX Font Info:    ... okay on input line 28.

(/usr/local/texlive/2012/texmf-dist/tex/context/base/supp-pdf.mkii
[Loading MPS to PDF converter (version 2006.09.02).]
\scratchcounter=\count89
\scratchdimen=\dimen115
\scratchbox=\box26
\nofMPsegments=\count90
\nofMParguments=\count91
\everyMPshowfont=\toks15
\MPscratchCnt=\count92
\MPscratchDim=\dimen116
\MPnumerator=\count93
\makeMPintoPDFobject=\count94
\everyMPtoPDFconversion=\toks16
)
LaTeX Font Info:    External font `cmex10' loaded for size
(Font)              <12> on input line 39.
LaTeX Font Info:    External font `cmex10' loaded for size
(Font)              <8> on input line 39.
LaTeX Font Info:    External font `cmex10' loaded for size
(Font)              <6> on input line 39.
 [1


{/usr/local/texlive/2012/texmf-var/fonts/map/pdftex/updmap/pdftex.map}]
\c@Exercise=\count95

(./manual2.toc
LaTeX Font Info:    External font `cmex10' loaded for size
(Font)              <10.95> on input line 2.
 [1

] [2]
LaTeX Font Info:    External font `cmex10' loaded for size
(Font)              <7> on input line 227.
LaTeX Font Info:    External font `cmex10' loaded for size
(Font)              <5> on input line 227.
)
\tf@toc=\write3
\openout3 = `manual2.toc'.

 [3] [4

]
Chapter 1.
[1]
LaTeX Font Info:    External font `cmex10' loaded for size
(Font)              <9> on input line 99.
 [2] [3] [4] [5]
Underfull \vbox (badness 10000) has occurred while \output is active []

 [6]
[7] [8] [9] [10] [11] [12] [13] [14]
Underfull \vbox (badness 10000) has occurred while \output is active []

 [15]
[16] [17]
LaTeX Font Info:    Try loading font information for OMS+cmr on input line 316.

 (/usr/local/texlive/2012/texmf-dist/tex/latex/base/omscmr.fd
File: omscmr.fd 1999/05/25 v2.5h Standard LaTeX font definitions
)
LaTeX Font Info:    Font shape `OMS/cmr/m/n' in size <10.95> not available
(Font)              Font shape `OMS/cmsy/m/n' tried instead on input line 316.

[18] [19] [20] [21] [22] <LsdWork.pdf, id=103, 889.3225pt x 1269.74374pt>
File: LsdWork.pdf Graphic file (type pdf)

<use LsdWork.pdf>
Package pdftex.def Info: LsdWork.pdf used on input line 523.
(pdftex.def)             Requested size: 341.43306pt x 487.48694pt.
 [23] [24 <./LsdWork.pdf>] [25

] [26] [27]
Overfull \hbox (42.6538pt too wide) in paragraph at lines 640--641
[]\OT1/cmr/m/n/10.95 The de-fault lo-ca-tions for these files are \OT1/cmtt/m/n
/10.95 /usr/lib \OT1/cmr/m/n/10.95 for the two li-braries and \OT1/cmtt/m/n/10.
95 /usr/include/tclX.Y
 []

[28] <modelbrowser.pdf, id=159, 1017.8025pt x 717.68124pt>
File: modelbrowser.pdf Graphic file (type pdf)

<use modelbrowser.pdf>
Package pdftex.def Info: modelbrowser.pdf used on input line 676.
(pdftex.def)             Requested size: 426.79134pt x 300.94223pt.

Overfull \hbox (6.15979pt too wide) in paragraph at lines 676--677
 [][] 
 []

[29 <./modelbrowser.pdf>] <LMM.pdf, id=173, 1036.87375pt x 715.67375pt>
File: LMM.pdf Graphic file (type pdf)

<use LMM.pdf>
Package pdftex.def Info: LMM.pdf used on input line 704.
(pdftex.def)             Requested size: 426.79134pt x 294.58568pt.

Overfull \hbox (6.15979pt too wide) in paragraph at lines 704--705
 [][] 
 []

[30 <./LMM.pdf>] [31] [32] [33]
Underfull \vbox (badness 10000) has occurred while \output is active []

 [34]
Underfull \vbox (badness 1701) has occurred while \output is active []

 [35]
[36] [37] [38] [39] [40]
Chapter 2.
[41

] <modelbrowser1.pdf, id=223, 756.8275pt x 553.06625pt>
File: modelbrowser1.pdf Graphic file (type pdf)

<use modelbrowser1.pdf>
Package pdftex.def Info: modelbrowser1.pdf used on input line 909.
(pdftex.def)             Requested size: 341.43306pt x 249.51044pt.
 <start.pdf, id=224, 192.72pt x 196.735pt>
File: start.pdf Graphic file (type pdf)

<use start.pdf>
Package pdftex.def Info: start.pdf used on input line 920.
(pdftex.def)             Requested size: 99.58464pt x 101.65736pt.
 <modgrp.pdf, id=225, 287.0725pt x 178.6675pt>
File: modgrp.pdf Graphic file (type pdf)
 <use modgrp.pdf>
Package pdftex.def Info: modgrp.pdf used on input line 920.
(pdftex.def)             Requested size: 128.0374pt x 79.68806pt.

<newmodel.pdf, id=226, 248.93pt x 248.93pt>
File: newmodel.pdf Graphic file (type pdf)
 <use newmodel.pdf>
Package pdftex.def Info: newmodel.pdf used on input line 920.
(pdftex.def)             Requested size: 113.81102pt x 113.81409pt.


LaTeX Warning: `h' float specifier changed to `ht'.

[42 <./modelbrowser1.pdf>] <LMMnew.pdf, id=240, 761.84625pt x 583.17876pt>
File: LMMnew.pdf Graphic file (type pdf)

<use LMMnew.pdf>
Package pdftex.def Info: LMMnew.pdf used on input line 944.
(pdftex.def)             Requested size: 284.52756pt x 217.79274pt.

Underfull \vbox (badness 1418) has occurred while \output is active []

 [43 <./start.pdf> <./modgrp.pdf> <./newmodel.pdf>] [44 <./LMMnew.pdf>]
<script.pdf, id=290, 522.95375pt x 489.83pt>
File: script.pdf Graphic file (type pdf)
 <use script.pdf>
Package pdftex.def Info: script.pdf used on input line 973.
(pdftex.def)             Requested size: 199.16928pt x 186.55588pt.
 [45 <./script.pdf>] <lsdbrowser.pdf, id=304, 445.665pt x 542.025pt>
File: lsdbrowser.pdf Graphic file (type pdf)
 <use lsdbrowser.pdf>
Package pdftex.def Info: lsdbrowser.pdf used on input line 1027.
(pdftex.def)             Requested size: 199.16928pt x 242.23006pt.

[46] [47 <./lsdbrowser.pdf>] [48] <variable.pdf, id=324, 397.485pt x 409.53pt>
File: variable.pdf Graphic file (type pdf)

<use variable.pdf>
Package pdftex.def Info: variable.pdf used on input line 1119.
(pdftex.def)             Requested size: 256.0748pt x 263.84175pt.
 <analysis.pdf, id=325, 798.985pt x 426.59375pt>
File: analysis.pdf Graphic file (type pdf)

<use analysis.pdf>
Package pdftex.def Info: analysis.pdf used on input line 1150.
(pdftex.def)             Requested size: 369.88582pt x 197.49179pt.
 [49 <./variable.pdf>] [50 <./analysis.pdf>] [51]
<scriptv.pdf, id=355, 280.04625pt x 208.78pt>
File: scriptv.pdf Graphic file (type pdf)
 <use scriptv.pdf>
Package pdftex.def Info: scriptv.pdf used on input line 1278.
(pdftex.def)             Requested size: 170.71652pt x 127.27596pt.
 [52 <./scriptv.pdf>] <edit_var.pdf, id=368, 286.06876pt x 169.63374pt>
File: edit_var.pdf Graphic file (type pdf)
 <use edit_var.pdf>
Package pdftex.def Info: edit_var.pdf used on input line 1328.
(pdftex.def)             Requested size: 170.71652pt x 101.23227pt.

<init.pdf, id=369, 510.90875pt x 408.52625pt>
File: init.pdf Graphic file (type pdf)
 <use init.pdf>
Package pdftex.def Info: init.pdf used on input line 1345.
(pdftex.def)             Requested size: 369.88582pt x 295.75941pt.
 [53 <./edit_var.pdf>] [54 <./init.pdf>] <numobject.pdf, id=394, 510.90875pt x 
420.57124pt>
File: numobject.pdf Graphic file (type pdf)

<use numobject.pdf>
Package pdftex.def Info: numobject.pdf used on input line 1386.
(pdftex.def)             Requested size: 369.88582pt x 304.47958pt.

Underfull \vbox (badness 1755) has occurred while \output is active []

 [55 <./numobject.pdf>] <selection.pdf, id=407, 284.06125pt x 350.30875pt>
File: selection.pdf Graphic file (type pdf)

<use selection.pdf>
Package pdftex.def Info: selection.pdf used on input line 1438.
(pdftex.def)             Requested size: 170.71652pt x 210.53966pt.
 [56] [57 <./selection.pdf>]
<simset.pdf, id=424, 225.84375pt x 200.75pt>
File: simset.pdf Graphic file (type pdf)
 <use simset.pdf>
Package pdftex.def Info: simset.pdf used on input line 1484.
(pdftex.def)             Requested size: 142.26378pt x 126.46396pt.
 [58 <./simset.pdf>] [59] <abort.pdf, id=440, 387.4475pt x 237.88875pt>
File: abort.pdf Graphic file (type pdf)
 <use abort.pdf>
Package pdftex.def Info: abort.pdf used on input line 1595.
(pdftex.def)             Requested size: 170.71652pt x 104.82019pt.
 [60 <./abort.pdf>] [61] [62] <numobj.pdf, id=463, 293.095pt x 235.88126pt>
File: numobj.pdf Graphic file (type pdf)

<use numobj.pdf>
Package pdftex.def Info: numobj.pdf used on input line 1724.
(pdftex.def)             Requested size: 369.88582pt x 297.67986pt.
 [63 <./numobj.pdf>] [64]
LaTeX Font Info:    Try loading font information for OMS+cmtt on input line 180
4.
LaTeX Font Info:    No file OMScmtt.fd. on input line 1804.


LaTeX Font Warning: Font shape `OMS/cmtt/m/n' undefined
(Font)              using `OMS/cmsy/m/n' instead
(Font)              for symbol `textbraceleft' on input line 1804.

[65] [66] [67] [68] [69] [70] <relqua.pdf, id=500, 483.8075pt x 293.095pt>
File: relqua.pdf Graphic file (type pdf)

<use relqua.pdf>
Package pdftex.def Info: relqua.pdf used on input line 2056.
(pdftex.def)             Requested size: 426.79134pt x 258.56392pt.

Overfull \hbox (6.15979pt too wide) in paragraph at lines 2056--2057
 [][] 
 []

[71 <./relqua.pdf>] [72] <elab.pdf, id=529, 255.95625pt x 381.425pt>
File: elab.pdf Graphic file (type pdf)

<use elab.pdf>
Package pdftex.def Info: elab.pdf used on input line 2109.
(pdftex.def)             Requested size: 142.26378pt x 212.00183pt.
 [73 <./elab.pdf>] [74] [75] [76] [77] [78]
<sales.pdf, id=558, 483.8075pt x 293.095pt>
File: sales.pdf Graphic file (type pdf)
 <use sales.pdf>
Package pdftex.def Info: sales.pdf used on input line 2440.
(pdftex.def)             Requested size: 328.76328pt x 199.16928pt.
 [79 <./sales.pdf>]
[80] <debugger.pdf, id=578, 608.2725pt x 496.85625pt>
File: debugger.pdf Graphic file (type pdf)
 <use debugger.pdf>
Package pdftex.def Info: debugger.pdf used on input line 2489.
(pdftex.def)             Requested size: 348.33391pt x 284.52756pt.

<debheader.pdf, id=579, 380.42125pt x 32.12pt>
File: debheader.pdf Graphic file (type pdf)
 <use debheader.pdf>
Package pdftex.def Info: debheader.pdf used on input line 2505.
(pdftex.def)             Requested size: 219.04236pt x 18.49411pt.
 [81 <./debugger.pdf> <./debheader.pdf>] <debcopy.pdf, id=601, 178.6675pt x 48.
18pt>
File: debcopy.pdf Graphic file (type pdf)

<use debcopy.pdf>
Package pdftex.def Info: debcopy.pdf used on input line 2532.
(pdftex.def)             Requested size: 105.51105pt x 28.45274pt.
 [82 <./debcopy.pdf>]
<ansales.pdf, id=614, 798.985pt x 426.59375pt>
File: ansales.pdf Graphic file (type pdf)
 <use ansales.pdf>
Package pdftex.def Info: ansales.pdf used on input line 2570.
(pdftex.def)             Requested size: 341.43306pt x 182.29912pt.

<RandomWalk.pdf, id=615, 346.29375pt x 684.5575pt>
File: RandomWalk.pdf Graphic file (type pdf)
 <use RandomWalk.pdf>
Package pdftex.def Info: RandomWalk.pdf used on input line 2582.
(pdftex.def)             Requested size: 346.2929pt x 684.55582pt.

[83 <./ansales.pdf>] <abmobj.pdf, id=628, 579.16376pt x 417.56pt>
File: abmobj.pdf Graphic file (type pdf)

<use abmobj.pdf>
Package pdftex.def Info: abmobj.pdf used on input line 2610.
(pdftex.def)             Requested size: 341.43306pt x 246.16074pt.
 [84 <./RandomWalk.pdf>]
Overfull \hbox (14.71983pt too wide) in paragraph at lines 2629--2629
[]\OT1/cmtt/m/n/10 Choose on of the product in the descending Firm's objects[] 

 []

[85 <./abmobj.pdf>]
Overfull \hbox (1.89233pt too wide) in paragraph at lines 2661--2662
[]\OT1/cmr/m/n/10.95 In this way we have both re-quire-ments sat-is-fied. The c
on-sumers' vari-able \OT1/cmr/bx/it/10.95 Pro-ductCho-
 []

[86] [87]
LaTeX Font Info:    Font shape `OT1/cmtt/bx/n' in size <12> not available
(Font)              Font shape `OT1/cmtt/m/n' tried instead on input line 2692.

LaTeX Font Info:    Font shape `OT1/cmtt/bx/n' in size <10> not available
(Font)              Font shape `OT1/cmtt/m/n' tried instead on input line 2692.


Underfull \vbox (badness 10000) has occurred while \output is active []

 [88]
[89]
Overfull \hbox (51.46951pt too wide) in paragraph at lines 2765--2765
[]\OT1/cmtt/m/n/10 (the first-level Variable is computed by the simulation mana
ger,[] 
 []


Overfull \hbox (72.46933pt too wide) in paragraph at lines 2765--2765
[]\OT1/cmtt/m/n/10 while possible other Variables are triggered by the lower le
vel ones[] 
 []

<v.pdf, id=670, 152.57pt x 377.41pt>
File: v.pdf Graphic file (type pdf)
 <use v.pdf>
Package pdftex.def Info: v.pdf used on input line 2776.
(pdftex.def)             Requested size: 85.35826pt x 211.15811pt.
 [90 <./v.pdf>] [91] [92]
<prob.pdf, id=690, 794.97pt x 614.295pt>
File: prob.pdf Graphic file (type pdf)
 <use prob.pdf>
Package pdftex.def Info: prob.pdf used on input line 2887.
(pdftex.def)             Requested size: 794.96806pt x 614.29349pt.

Overfull \hbox (4.21992pt too wide) in paragraph at lines 2912--2912
[]\OT1/cmtt/m/n/10 Evaluate the visibility of the product for the consumer[] 
 []

[93] [94 <./prob.pdf>] [95] <object.pdf, id=736, 438.63875pt x 331.2375pt>
File: object.pdf Graphic file (type pdf)

<use object.pdf>
Package pdftex.def Info: object.pdf used on input line 2945.
(pdftex.def)             Requested size: 227.62204pt x 171.89069pt.
 [96 <./object.pdf>]
<tags.pdf, id=752, 288.07625pt x 236.885pt>
File: tags.pdf Graphic file (type pdf)
 <use tags.pdf>
Package pdftex.def Info: tags.pdf used on input line 2965.
(pdftex.def)             Requested size: 170.71652pt x 140.38625pt.

<selectionb.pdf, id=753, 284.06125pt x 350.30875pt>
File: selectionb.pdf Graphic file (type pdf)
 <use selectionb.pdf>
Package pdftex.def Info: selectionb.pdf used on input line 2977.
(pdftex.def)             Requested size: 227.62204pt x 280.71776pt.

[97 <./tags.pdf>]
Underfull \vbox (badness 10000) has occurred while \output is active []

 [98 <./selectionb.pdf>] <xycs.pdf, id=780, 180.675pt x 296.10625pt>
File: xycs.pdf Graphic file (type pdf)
 <use xycs.pdf>
Package pdftex.def Info: xycs.pdf used on input line 2998.
(pdftex.def)             Requested size: 113.81102pt x 186.52531pt.

[99 <./xycs.pdf>] <alpha.pdf, id=793, 483.8075pt x 323.2075pt>
File: alpha.pdf Graphic file (type pdf)
 <use alpha.pdf>
Package pdftex.def Info: alpha.pdf used on input line 3028.
(pdftex.def)             Requested size: 341.43306pt x 228.10297pt.

[100 <./alpha.pdf>] <createseries.pdf, id=809, 255.95625pt x 381.425pt>
File: createseries.pdf Graphic file (type pdf)

<use createseries.pdf>
Package pdftex.def Info: createseries.pdf used on input line 3050.
(pdftex.def)             Requested size: 142.26378pt x 212.00183pt.
 [101 <./createseries.pdf>] [102]
Overfull \hbox (145.96869pt too wide) in paragraph at lines 3120--3120
[] \OT1/cmtt/m/n/10 v[2]=... //to place here the probability of the consumer's 
product to be replaced[] 
 []

[103] [104]
Overfull \hbox (4.21992pt too wide) in paragraph at lines 3196--3196
[]\OT1/cmtt/m/n/10 Evaluate the visibility of the product for the consumer[] 
 []

[105]
Overfull \hbox (114.46896pt too wide) in paragraph at lines 3240--3240
[]\OT1/cmtt/m/n/10 Initialization function, executed once and then transformed 
into a parameter[] 
 []


Overfull \hbox (61.96942pt too wide) in paragraph at lines 3240--3240
[]\OT1/cmtt/m/n/10 The function 'assigns' randomly one of the firms to each con
sumer.[] 
 []


Overfull \hbox (130.21883pt too wide) in paragraph at lines 3240--3240
[]\OT1/cmtt/m/n/10 In the process computes also the market shares, which must b
e initialized to 0.[] 
 []

[106]
Overfull \hbox (67.72182pt too wide) in paragraph at lines 3248--3249
[]\OT1/cmr/m/n/10.95 In the cy-cle for con-sumers, the equa-tion per-forms the 
fol-low-ing op-er-a-tions. \OT1/cmtt/m/n/10 cur1=RNDDRAWFAIR("Firm")
 []


Overfull \hbox (114.46896pt too wide) in paragraph at lines 3294--3294
[]\OT1/cmtt/m/n/10 Initialization function, executed once and then transformed 
into a parameter[] 
 []


Overfull \hbox (61.96942pt too wide) in paragraph at lines 3294--3294
[]\OT1/cmtt/m/n/10 The function 'assigns' randomly one of the firms to each con
sumer.[] 
 []


Overfull \hbox (130.21883pt too wide) in paragraph at lines 3294--3294
[]\OT1/cmtt/m/n/10 In the process computes also the market shares, which must b
e initialized to 0.[] 
 []


Underfull \vbox (badness 3302) has occurred while \output is active []

 [107]
[108] <sc.pdf, id=845, 483.8075pt x 293.095pt>
File: sc.pdf Graphic file (type pdf)
 <use sc.pdf>
Package pdftex.def Info: sc.pdf used on input line 3313.
(pdftex.def)             Requested size: 341.43306pt x 206.85114pt.
 [109 <./sc.pdf>]
[110] [111]
Overfull \hbox (114.46896pt too wide) in paragraph at lines 3479--3479
[]\OT1/cmtt/m/n/10 Initialization function, executed once and then transformed 
into a parameter[] 
 []


Overfull \hbox (61.96942pt too wide) in paragraph at lines 3479--3479
[]\OT1/cmtt/m/n/10 The function 'assigns' randomly one of the firms to each con
sumer.[] 
 []


Overfull \hbox (130.21883pt too wide) in paragraph at lines 3479--3479
[]\OT1/cmtt/m/n/10 In the process computes also the market shares, which must b
e initialized to 0.[] 
 []

[112] [113] <createreport.pdf, id=874, 445.665pt x 342.27875pt>
File: createreport.pdf Graphic file (type pdf)

<use createreport.pdf>
Package pdftex.def Info: createreport.pdf used on input line 3574.
(pdftex.def)             Requested size: 284.52756pt x 218.52492pt.
 [114] <report.pdf, id=878, 983.675pt x 639.38875pt>
File: report.pdf Graphic file (type pdf)

<use report.pdf>
Package pdftex.def Info: report.pdf used on input line 3597.
(pdftex.def)             Requested size: 398.33858pt x 258.92175pt.
 [115 <./createreport.pdf>] [116 <./report.pdf>] [117] [118]
Chapter 3.
<LMM2.pdf, id=910, 1036.87375pt x 715.67375pt>
File: LMM2.pdf Graphic file (type pdf)
 <use LMM2.pdf>
Package pdftex.def Info: LMM2.pdf used on input line 3731.
(pdftex.def)             Requested size: 426.79134pt x 294.58568pt.

Overfull \hbox (6.15979pt too wide) in paragraph at lines 3731--3732
 [][] 
 []


Underfull \vbox (badness 2903) has occurred while \output is active []

 [119

 <./LMM2.pdf>] <LMM_minimenu.pdf, id=923, 166.6225pt x 196.735pt>
File: LMM_minimenu.pdf Graphic file (type pdf)

<use LMM_minimenu.pdf>
Package pdftex.def Info: LMM_minimenu.pdf used on input line 3751.
(pdftex.def)             Requested size: 113.81102pt x 134.3814pt.
 <LMM_script.pdf, id=924, 522.95375pt x 489.83pt>
File: LMM_script.pdf Graphic file (type pdf)

<use LMM_script.pdf>
Package pdftex.def Info: LMM_script.pdf used on input line 3762.
(pdftex.def)             Requested size: 256.0748pt x 239.86183pt.
 [120 <./LMM_minimenu.pdf>]
LaTeX Font Info:    Font shape `OT1/cmtt/bx/n' in size <10.95> not available
(Font)              Font shape `OT1/cmtt/m/n' tried instead on input line 3779.

LaTeX Font Info:    Try loading font information for OMS+cmss on input line 378
3.
LaTeX Font Info:    No file OMScmss.fd. on input line 3783.


LaTeX Font Warning: Font shape `OMS/cmss/bx/n' undefined
(Font)              using `OMS/cmsy/m/n' instead
(Font)              for symbol `textbraceleft' on input line 3783.

[121 <./LMM_script.pdf>] <browsemodels.pdf, id=951, 725.71124pt x 520.94624pt>
File: browsemodels.pdf Graphic file (type pdf)

<use browsemodels.pdf>
Package pdftex.def Info: browsemodels.pdf used on input line 3816.
(pdftex.def)             Requested size: 227.62204pt x 163.39146pt.
 [122 <./browsemodels.pdf>]
<comp_err.pdf, id=965, 739.76375pt x 584.1825pt>
File: comp_err.pdf Graphic file (type pdf)
 <use comp_err.pdf>
Package pdftex.def Info: comp_err.pdf used on input line 3832.
(pdftex.def)             Requested size: 256.0748pt x 202.22063pt.
 [123 <./comp_err.pdf>] [124] [125] <log.pdf, id=985, 707.64375pt x 498.86375pt
>
File: log.pdf Graphic file (type pdf)

<use log.pdf>
Package pdftex.def Info: log.pdf used on input line 3929.
(pdftex.def)             Requested size: 256.0748pt x 180.52708pt.
 [126 <./log.pdf>]
<model_structure.pdf, id=999, 580.1675pt x 416.55624pt>
File: model_structure.pdf Graphic file (type pdf)

<use model_structure.pdf>
Package pdftex.def Info: model_structure.pdf used on input line 3963.
(pdftex.def)             Requested size: 199.16928pt x 143.00017pt.
 <browser1.pdf, id=1000, 410.53375pt x 510.90875pt>
File: browser1.pdf Graphic file (type pdf)

<use browser1.pdf>
Package pdftex.def Info: browser1.pdf used on input line 3981.
(pdftex.def)             Requested size: 170.71652pt x 212.45195pt.
 [127] <element_opt.pdf, id=1004, 551.05875pt x 611.28375pt>
File: element_opt.pdf Graphic file (type pdf)

<use element_opt.pdf>
Package pdftex.def Info: element_opt.pdf used on input line 4000.
(pdftex.def)             Requested size: 230.84608pt x 256.0748pt.
 [128 <./model_structure.pdf>] [129 <./browser1.pdf>]
<obj_opt.pdf, id=1030, 397.485pt x 282.05376pt>
File: obj_opt.pdf Graphic file (type pdf)
 <use obj_opt.pdf>
Package pdftex.def Info: obj_opt.pdf used on input line 4043.
(pdftex.def)             Requested size: 240.5853pt x 170.71652pt.

Underfull \vbox (badness 4792) has occurred while \output is active []

 [130 <./element_opt.pdf>] <new_var.pdf, id=1044, 393.47pt x 173.64874pt>
File: new_var.pdf Graphic file (type pdf)

<use new_var.pdf>
Package pdftex.def Info: new_var.pdf used on input line 4071.
(pdftex.def)             Requested size: 193.42038pt x 85.35826pt.
 [131 <./obj_opt.pdf> <./new_var.pdf>] [132] [133]
<create_report.pdf, id=1072, 439.6425pt x 319.1925pt>
File: create_report.pdf Graphic file (type pdf)
 <use create_report.pdf>
Package pdftex.def Info: create_report.pdf used on input line 4147.
(pdftex.def)             Requested size: 199.16928pt x 144.59964pt.

[134 <./create_report.pdf>] [135] [136] [137] [138] [139]
<ex_report.pdf, id=1102, 1285.80376pt x 961.5925pt>
File: ex_report.pdf Graphic file (type pdf)
 <use ex_report.pdf>
Package pdftex.def Info: ex_report.pdf used on input line 4310.
(pdftex.def)             Requested size: 341.43306pt x 255.33434pt.

[140 <./ex_report.pdf>] <objnum.pdf, id=1116, 513.92pt x 436.63126pt>
File: objnum.pdf Graphic file (type pdf)

<use objnum.pdf>
Package pdftex.def Info: objnum.pdf used on input line 4339.
(pdftex.def)             Requested size: 284.52756pt x 241.74025pt.
 <objnum1.pdf, id=1117, 251.94125pt x 252.945pt>
File: objnum1.pdf Graphic file (type pdf)

<use objnum1.pdf>
Package pdftex.def Info: objnum1.pdf used on input line 4355.
(pdftex.def)             Requested size: 170.71652pt x 171.39822pt.
 [141]
<objnum_compute.pdf, id=1121, 311.1625pt x 251.94125pt>
File: objnum_compute.pdf Graphic file (type pdf)

<use objnum_compute.pdf>
Package pdftex.def Info: objnum_compute.pdf used on input line 4368.
(pdftex.def)             Requested size: 199.16928pt x 161.26491pt.
 [142 <./objnum.pdf>] [143 <./objnum1.pdf> <./objnum_compute.pdf>] <init1.pdf, 
id=1155, 513.92pt x 413.545pt>
File: init1.pdf Graphic file (type pdf)
 <use init1.pdf>
Package pdftex.def Info: init1.pdf used on input line 4391.
(pdftex.def)             Requested size: 284.52756pt x 228.95857pt.
 [144]
<setall.pdf, id=1159, 213.79875pt x 710.655pt>
File: setall.pdf Graphic file (type pdf)
 <use setall.pdf>
Package pdftex.def Info: setall.pdf used on input line 4408.
(pdftex.def)             Requested size: 113.81102pt x 378.2936pt.
 [145 <./init1.pdf>] [146 <./setall.pdf>] <AnaResult.pdf, id=1185, 798.985pt x 
426.59375pt>
File: AnaResult.pdf Graphic file (type pdf)

<use AnaResult.pdf>
Package pdftex.def Info: AnaResult.pdf used on input line 4453.
(pdftex.def)             Requested size: 341.43306pt x 182.29912pt.
 [147] [148 <./AnaResult.pdf>]
<add_series.pdf, id=1201, 200.75pt x 193.72375pt>
File: add_series.pdf Graphic file (type pdf)
 <use add_series.pdf>
Package pdftex.def Info: add_series.pdf used on input line 4500.
(pdftex.def)             Requested size: 113.81102pt x 109.82951pt.

<create_series.pdf, id=1202, 255.95625pt x 381.425pt>
File: create_series.pdf Graphic file (type pdf)
 <use create_series.pdf>
Package pdftex.def Info: create_series.pdf used on input line 4513.
(pdftex.def)             Requested size: 113.81102pt x 169.59682pt.

[149 <./add_series.pdf>] [150 <./create_series.pdf>]
<sselection.pdf, id=1228, 284.06125pt x 350.30875pt>
File: sselection.pdf Graphic file (type pdf)
 <use sselection.pdf>
Package pdftex.def Info: sselection.pdf used on input line 4556.
(pdftex.def)             Requested size: 170.71652pt x 210.53966pt.

[151 <./sselection.pdf>] [152]
<example_graph.pdf, id=1245, 491.8375pt x 350.30875pt>
File: example_graph.pdf Graphic file (type pdf)
 <use example_graph.pdf>
Package pdftex.def Info: example_graph.pdf used on input line 4607.
(pdftex.def)             Requested size: 284.52756pt x 202.66072pt.

<cross_section.pdf, id=1246, 655.44875pt x 470.75874pt>
File: cross_section.pdf Graphic file (type pdf)

<use cross_section.pdf>
Package pdftex.def Info: cross_section.pdf used on input line 4614.
(pdftex.def)             Requested size: 284.52756pt x 204.35458pt.
 <xy_cross.pdf, id=1247, 956.57375pt x 666.49pt>
File: xy_cross.pdf Graphic file (type pdf)

<use xy_cross.pdf>
Package pdftex.def Info: xy_cross.pdf used on input line 4621.
(pdftex.def)             Requested size: 284.52756pt x 198.24pt.
 <example_scatter_time.pdf, id=1248, 956.57375pt x 666.49pt>
File: example_scatter_time.pdf Graphic file (type pdf)

<use example_scatter_time.pdf>
Package pdftex.def Info: example_scatter_time.pdf used on input line 4628.
(pdftex.def)             Requested size: 284.52756pt x 198.24pt.

<ex_histo.pdf, id=1249, 655.44875pt x 470.75874pt>
File: ex_histo.pdf Graphic file (type pdf)
 <use ex_histo.pdf>
Package pdftex.def Info: ex_histo.pdf used on input line 4635.
(pdftex.def)             Requested size: 284.52756pt x 204.35458pt.

<ex_lattice.pdf, id=1250, 816.04875pt x 842.14626pt>
File: ex_lattice.pdf Graphic file (type pdf)
 <use ex_lattice.pdf>
Package pdftex.def Info: ex_lattice.pdf used on input line 4642.
(pdftex.def)             Requested size: 284.52756pt x 293.6248pt.

<ex_statistics.pdf, id=1251, 596.2275pt x 414.54875pt>
File: ex_statistics.pdf Graphic file (type pdf)
 <use ex_statistics.pdf>
Package pdftex.def Info: ex_statistics.pdf used on input line 4649.
(pdftex.def)             Requested size: 284.52756pt x 197.8299pt.

[153] [154 <./example_graph.pdf> <./cross_section.pdf>] [155 <./xy_cross.pdf> <
./example_scatter_time.pdf>] [156 <./ex_histo.pdf> <./ex_lattice.pdf>] [157 <./
ex_statistics.pdf>] <crossection.pdf, id=1333, 395.4775pt x 242.9075pt>
File: crossection.pdf Graphic file (type pdf)

<use crossection.pdf>
Package pdftex.def Info: crossection.pdf used on input line 4666.
(pdftex.def)             Requested size: 199.16928pt x 122.33186pt.
 <23d_time.pdf, id=1334, 180.675pt x 259.97125pt>
File: 23d_time.pdf Graphic file (type pdf)

<use 23d_time.pdf>
Package pdftex.def Info: 23d_time.pdf used on input line 4683.
(pdftex.def)             Requested size: 113.81102pt x 163.76291pt.
 [158

 <./crossection.pdf>]
<phasedia.pdf, id=1348, 139.52126pt x 189.70876pt>
File: phasedia.pdf Graphic file (type pdf)
 <use phasedia.pdf>
Package pdftex.def Info: phasedia.pdf used on input line 4696.
(pdftex.def)             Requested size: 85.35826pt x 116.06664pt.

<cs_xy.pdf, id=1349, 180.675pt x 363.3575pt>
File: cs_xy.pdf Graphic file (type pdf)
 <use cs_xy.pdf>
Package pdftex.def Info: cs_xy.pdf used on input line 4711.
(pdftex.def)             Requested size: 113.81102pt x 228.8887pt.

Underfull \vbox (badness 3138) has occurred while \output is active []

 [159 <./23d_time.pdf> <./phasedia.pdf>]
Underfull \vbox (badness 10000) has occurred while \output is active []

 [160 <./cs_xy.pdf>] <export.pdf, id=1384, 142.5325pt x 440.64626pt>
File: export.pdf Graphic file (type pdf)
 <use export.pdf>
Package pdftex.def Info: export.pdf used on input line 4748.
(pdftex.def)             Requested size: 85.35826pt x 263.88551pt.

[161]
File: debugger.pdf Graphic file (type pdf)
 <use debugger.pdf>
Package pdftex.def Info: debugger.pdf used on input line 4764.
(pdftex.def)             Requested size: 312.9803pt x 255.66017pt.
 [162 <./export.pdf>]
<variab_debug.pdf, id=1400, 187.70125pt x 298.11375pt>
File: variab_debug.pdf Graphic file (type pdf)
 <use variab_debug.pdf>
Package pdftex.def Info: variab_debug.pdf used on input line 4797.
(pdftex.def)             Requested size: 85.35826pt x 135.56918pt.

[163] [164 <./variab_debug.pdf>] [165] [166] [167] [168] [169] [170] [171]
[172]
Underfull \hbox (badness 10000) in paragraph at lines 5039--5048

 []

[173] [174] [175] [176] [177] [178] [179] [180] [181]
Overfull \hbox (2.05316pt too wide) in paragraph at lines 5481--5482
[]\OT1/cmtt/m/n/10 WHTAVEL("X","W",lag) \OT1/cmr/m/n/10.95 or \OT1/cmtt/m/n/10 
p-$\OML/cmm/m/it/10 >$\OT1/cmtt/m/n/10 whg[]av("W","X",lag)\OT1/cmr/m/n/10.95 :
 Re-turn the av-er-age of \OT1/cmr/bx/it/10.95 X \OT1/cmr/m/n/10.95 weighted
 []


Overfull \hbox (7.30312pt too wide) in paragraph at lines 5483--5484
[]\OT1/cmtt/m/n/10 WHTAVES(obj, "X","W") \OT1/cmr/m/n/10.95 or \OT1/cmtt/m/n/10
 obj-$\OML/cmm/m/it/10 >$\OT1/cmtt/m/n/10 whg[]av("W","X",0)\OT1/cmr/m/n/10.95 
: Re-turn the av-er-age of \OT1/cmr/bx/it/10.95 X \OT1/cmr/m/n/10.95 weighted
 []

[182] [183]
Overfull \hbox (0.28087pt too wide) in paragraph at lines 5571--5572
[]\OT1/cmtt/m/n/10 WRITES(obj, "X",value) \OT1/cmr/m/n/10.95 or \OT1/cmtt/m/n/1
0 obj-$\OML/cmm/m/it/10 >$\OT1/cmtt/m/n/10 write("X",value,0) \OT1/cmr/m/n/10.9
5 : Re-place with \OT1/cmtt/m/n/10 value \OT1/cmr/m/n/10.95 the value
 []


Overfull \hbox (8.06784pt too wide) in paragraph at lines 5573--5574
[]\OT1/cmtt/m/n/10 WRITELS(obj, "X",value, time) \OT1/cmr/m/n/10.95 or \OT1/cmt
t/m/n/10 obj-$\OML/cmm/m/it/10 >$\OT1/cmtt/m/n/10 write("X",value,time) \OT1/cm
r/m/n/10.95 : Re-place with \OT1/cmtt/m/n/10 value
 []

[184] [185]
Overfull \hbox (0.14165pt too wide) in paragraph at lines 5686--5687
[]\OT1/cmtt/m/n/10 SEARCH[]CNDL("X",value, lag) \OT1/cmr/m/n/10.95 or \OT1/cmtt
/m/n/10 p-$\OML/cmm/m/it/10 >$\OT1/cmtt/m/n/10 search[]var[]cond("X",value,lag)
\OT1/cmr/m/n/10.95 : re-turn the ob-
 []


Overfull \hbox (1.60796pt too wide) in paragraph at lines 5690--5691
[]\OT1/cmtt/m/n/10 SEARCH[]CNDLS(obj,"X",value, lag) \OT1/cmr/m/n/10.95 or \OT1
/cmtt/m/n/10 obj-$\OML/cmm/m/it/10 >$\OT1/cmtt/m/n/10 search[]var[]cond("X",val
ue,lag)\OT1/cmr/m/n/10.95 : re-turn
 []

[186]
Overfull \hbox (7.00569pt too wide) in paragraph at lines 5760--5761
[]\OT1/cmtt/m/n/10 RNDDRAWTOTLS(obj, "X","Y", lag, tot) \OT1/cmr/m/n/10.95 or \
OT1/cmtt/m/n/10 obj-$\OML/cmm/m/it/10 >$\OT1/cmtt/m/n/10 draw[]rnd("X", "Y", la
g, tot) \OT1/cmr/m/n/10.95 : Re-
 []

[187]
Overfull \hbox (0.35999pt too wide) in paragraph at lines 5847--5849
\OT1/cmtt/m/n/10 obj-$\OML/cmm/m/it/10 >$\OT1/cmtt/m/n/10 lsdqsort("ObjLabel","
VarOrParLabel",DIRECTION) \OT1/cmr/m/n/10.95 : Sorts the group of ob-jects
 []

[188] [189] [190]
Overfull \hbox (0.14021pt too wide) in paragraph at lines 5991--5992
[]\OT1/cmr/m/n/10.95 The com-mand ad-mits also the for-mat \OT1/cmtt/m/n/10 INT
ERACTS(obj, "message", value)\OT1/cmr/m/n/10.95 , which makes
 []

[191] [192] [193] [194] [195] [196] [197] [198

]
Chapter 4.
[199] (./manual2.aux)

LaTeX Font Warning: Some font shapes were not available, defaults substituted.

 ) 
Here is how much of TeX's memory you used:
 2419 strings out of 493481
 34754 string characters out of 3140965
 92254 words of memory out of 3000000
 5620 multiletter control sequences out of 15000+200000
 15593 words of font info for 54 fonts, out of 3000000 for 9000
 957 hyphenation exceptions out of 8191
 42i,12n,25p,2926b,349s stack positions out of 5000i,500n,10000p,200000b,50000s
</usr/local/texlive/2012/texmf-dist/fonts/type1/public/amsfonts/cm/cmbx10.pfb
></usr/local/texlive/2012/texmf-dist/fonts/type1/public/amsfonts/cm/cmbx12.pfb>
</usr/local/texlive/2012/texmf-dist/fonts/type1/public/amsfonts/cm/cmbx8.pfb></
usr/local/texlive/2012/texmf-dist/fonts/type1/public/amsfonts/cm/cmbxti10.pfb><
/usr/local/texlive/2012/texmf-dist/fonts/type1/public/amsfonts/cm/cmcsc10.pfb><
/usr/local/texlive/2012/texmf-dist/fonts/type1/public/amsfonts/cm/cmex10.pfb></
usr/local/texlive/2012/texmf-dist/fonts/type1/public/amsfonts/cm/cmmi10.pfb></u
sr/local/texlive/2012/texmf-dist/fonts/type1/public/amsfonts/cm/cmmi6.pfb></usr
/local/texlive/2012/texmf-dist/fonts/type1/public/amsfonts/cm/cmmi7.pfb></usr/l
ocal/texlive/2012/texmf-dist/fonts/type1/public/amsfonts/cm/cmmi8.pfb></usr/loc
al/texlive/2012/texmf-dist/fonts/type1/public/amsfonts/cm/cmmi9.pfb></usr/local
/texlive/2012/texmf-dist/fonts/type1/public/amsfonts/cm/cmr10.pfb></usr/local/t
exlive/2012/texmf-dist/fonts/type1/public/amsfonts/cm/cmr12.pfb></usr/local/tex
live/2012/texmf-dist/fonts/type1/public/amsfonts/cm/cmr6.pfb></usr/local/texliv
e/2012/texmf-dist/fonts/type1/public/amsfonts/cm/cmr7.pfb></usr/local/texlive/2
012/texmf-dist/fonts/type1/public/amsfonts/cm/cmr8.pfb></usr/local/texlive/2012
/texmf-dist/fonts/type1/public/amsfonts/cm/cmr9.pfb></usr/local/texlive/2012/te
xmf-dist/fonts/type1/public/amsfonts/cm/cmsl10.pfb></usr/local/texlive/2012/tex
mf-dist/fonts/type1/public/amsfonts/cm/cmssbx10.pfb></usr/local/texlive/2012/te
xmf-dist/fonts/type1/public/amsfonts/cm/cmsy10.pfb></usr/local/texlive/2012/tex
mf-dist/fonts/type1/public/amsfonts/cm/cmsy6.pfb></usr/local/texlive/2012/texmf
-dist/fonts/type1/public/amsfonts/cm/cmsy7.pfb></usr/local/texlive/2012/texmf-d
ist/fonts/type1/public/amsfonts/cm/cmsy8.pfb></usr/local/texlive/2012/texmf-dis
t/fonts/type1/public/amsfonts/cm/cmti10.pfb></usr/local/texlive/2012/texmf-dist
/fonts/type1/public/amsfonts/cm/cmti9.pfb></usr/local/texlive/2012/texmf-dist/f
onts/type1/public/amsfonts/cm/cmtt10.pfb></usr/local/texlive/2012/texmf-dist/fo
nts/type1/public/amsfonts/cm/cmtt9.pfb>
Output written on manual2.pdf (204 pages, 3317594 bytes).
PDF statistics:
 1619 PDF objects out of 1728 (max. 8388607)
 1120 compressed objects within 12 object streams
 0 named destinations out of 1000 (max. 500000)
 376 words of extra memory for PDF output out of 10000 (max. 10000000)

