This is pdfTeX, Version 3.1415926-1.40.11 (TeX Live 2010) (format=pdflatex 2011.5.24)  14 FEB 2014 12:57
entering extended mode
 \write18 enabled.
 %&-line parsing enabled.
**manual2.tex
(./manual2.tex
LaTeX2e <2009/09/24>
Babel <v3.8l> and hyphenation patterns for english, dumylang, nohyphenation, ge
rman-x-2009-06-19, ngerman-x-2009-06-19, ancientgreek, ibycus, arabic, armenian
, basque, bulgarian, catalan, pinyin, coptic, croatian, czech, danish, dutch, u
kenglish, usenglishmax, esperanto, estonian, farsi, finnish, french, galician, 
german, ngerman, swissgerman, monogreek, greek, hungarian, icelandic, assamese,
 bengali, gujarati, hindi, kannada, malayalam, marathi, oriya, panjabi, tamil, 
telugu, indonesian, interlingua, irish, italian, kurmanji, lao, latin, latvian,
 lithuanian, mongolian, mongolianlmc, bokmal, nynorsk, polish, portuguese, roma
nian, russian, sanskrit, serbian, slovak, slovenian, spanish, swedish, turkish,
 turkmen, ukrainian, uppersorbian, welsh, loaded.
(/usr/local/texlive/2010/texmf-dist/tex/latex/base/book.cls
Document Class: book 2007/10/19 v1.4h Standard LaTeX document class
(/usr/local/texlive/2010/texmf-dist/tex/latex/base/bk11.clo
File: bk11.clo 2007/10/19 v1.4h Standard LaTeX file (size option)
)
\c@part=\count79
\c@chapter=\count80
\c@section=\count81
\c@subsection=\count82
\c@subsubsection=\count83
\c@paragraph=\count84
\c@subparagraph=\count85
\c@figure=\count86
\c@table=\count87
\abovecaptionskip=\skip41
\belowcaptionskip=\skip42
\bibindent=\dimen102
)
(/usr/local/texlive/2010/texmf-dist/tex/latex/harvard/harvard.sty
Package: harvard 

(/usr/local/texlive/2010/texmf-dist/tex/latex/base/ifthen.sty
Package: ifthen 2001/05/26 v1.1c Standard LaTeX ifthen package (DPC)
))
(/usr/local/texlive/2010/texmf-dist/tex/latex/graphics/graphicx.sty
Package: graphicx 1999/02/16 v1.0f Enhanced LaTeX Graphics (DPC,SPQR)

(/usr/local/texlive/2010/texmf-dist/tex/latex/graphics/keyval.sty
Package: keyval 1999/03/16 v1.13 key=value parser (DPC)
\KV@toks@=\toks14
)
(/usr/local/texlive/2010/texmf-dist/tex/latex/graphics/graphics.sty
Package: graphics 2009/02/05 v1.0o Standard LaTeX Graphics (DPC,SPQR)

(/usr/local/texlive/2010/texmf-dist/tex/latex/graphics/trig.sty
Package: trig 1999/03/16 v1.09 sin cos tan (DPC)
)
(/usr/local/texlive/2010/texmf-dist/tex/latex/latexconfig/graphics.cfg
File: graphics.cfg 2010/04/23 v1.9 graphics configuration of TeX Live
)
Package graphics Info: Driver file: pdftex.def on input line 91.

(/usr/local/texlive/2010/texmf-dist/tex/latex/pdftex-def/pdftex.def
File: pdftex.def 2010/02/14 v0.04n Graphics/color for pdfTeX
\Gread@gobject=\count88
))
\Gin@req@height=\dimen103
\Gin@req@width=\dimen104
)
(/usr/local/texlive/2010/texmf-dist/tex/generic/epsf/epsf.sty
This is `epsf.tex' v2.7.3 <23 July 2005>
\epsffilein=\read1
\epsfframemargin=\dimen105
\epsfframethickness=\dimen106
\epsfrsize=\dimen107
\epsftmp=\dimen108
\epsftsize=\dimen109
\epsfxsize=\dimen110
\epsfysize=\dimen111
\pspoints=\dimen112
) (/usr/local/texlive/2010/texmf-dist/tex/latex/oberdiek/epstopdf.sty
Package: epstopdf 2010/02/09 v2.5 Conversion with epstopdf on the fly (HO)

(/usr/local/texlive/2010/texmf-dist/tex/latex/oberdiek/epstopdf-base.sty
Package: epstopdf-base 2010/02/09 v2.5 Base part for package epstopdf

(/usr/local/texlive/2010/texmf-dist/tex/generic/oberdiek/infwarerr.sty
Package: infwarerr 2010/04/08 v1.3 Providing info/warning/message (HO)
)
(/usr/local/texlive/2010/texmf-dist/tex/latex/oberdiek/grfext.sty
Package: grfext 2007/09/30 v1.0 Managing graphics extensions (HO)
)
(/usr/local/texlive/2010/texmf-dist/tex/latex/oberdiek/kvoptions.sty
Package: kvoptions 2010/02/22 v3.7 Keyval support for LaTeX options (HO)

(/usr/local/texlive/2010/texmf-dist/tex/generic/oberdiek/kvsetkeys.sty
Package: kvsetkeys 2010/03/01 v1.9 Key value parser (HO)

(/usr/local/texlive/2010/texmf-dist/tex/generic/oberdiek/etexcmds.sty
Package: etexcmds 2010/01/28 v1.3 Prefix for e-TeX command names (HO)
Package etexcmds Info: Could not find \expanded.
(etexcmds)             That can mean that you are not using pdfTeX 1.50 or
(etexcmds)             that some package has redefined \expanded.
(etexcmds)             In the latter case, load this package earlier.
)))
(/usr/local/texlive/2010/texmf-dist/tex/generic/oberdiek/pdftexcmds.sty
Package: pdftexcmds 2010/04/01 v0.9 Utility functions of pdfTeX for LuaTeX (HO)


(/usr/local/texlive/2010/texmf-dist/tex/generic/oberdiek/ifluatex.sty
Package: ifluatex 2010/03/01 v1.3 Provides the ifluatex switch (HO)
Package ifluatex Info: LuaTeX not detected.
)
(/usr/local/texlive/2010/texmf-dist/tex/generic/oberdiek/ltxcmds.sty
Package: ltxcmds 2010/04/26 v1.7 LaTeX kernel commands for general use (HO)
)
Package pdftexcmds Info: LuaTeX not detected.
Package pdftexcmds Info: \pdf@primitive is available.
Package pdftexcmds Info: \pdf@ifprimitive is available.
)
Package grfext Info: Graphics extension search list:
(grfext)             [.png,.pdf,.jpg,.mps,.jpeg,.jbig2,.jb2,.PNG,.PDF,.JPG,.JPE
G,.JBIG2,.JB2,.eps]
(grfext)             \AppendGraphicsExtensions on input line 436.

(/usr/local/texlive/2010/texmf-dist/tex/latex/latexconfig/epstopdf-sys.cfg
File: epstopdf-sys.cfg 2010/07/13 v1.3 Configuration of (r)epstopdf for TeX Liv
e
)))
(/usr/local/texlive/2010/texmf-dist/tex/latex/vmargin/vmargin.sty
Package: vmargin 2004/07/15 V2.5 set document margins (VK)

Package: vmargin 2004/07/15 V2.5 set document margins (VK)
\PaperWidth=\dimen113
\PaperHeight=\dimen114
) (/usr/local/texlive/2010/texmf-dist/tex/latex/tools/xspace.sty
Package: xspace 2006/05/08 v1.12 Space after command names (DPC,MH)
)
(./manual2.aux

LaTeX Warning: Label `fig:simset' multiply defined.

)
\openout1 = `manual2.aux'.

LaTeX Font Info:    Checking defaults for OML/cmm/m/it on input line 28.
LaTeX Font Info:    ... okay on input line 28.
LaTeX Font Info:    Checking defaults for T1/cmr/m/n on input line 28.
LaTeX Font Info:    ... okay on input line 28.
LaTeX Font Info:    Checking defaults for OT1/cmr/m/n on input line 28.
LaTeX Font Info:    ... okay on input line 28.
LaTeX Font Info:    Checking defaults for OMS/cmsy/m/n on input line 28.
LaTeX Font Info:    ... okay on input line 28.
LaTeX Font Info:    Checking defaults for OMX/cmex/m/n on input line 28.
LaTeX Font Info:    ... okay on input line 28.
LaTeX Font Info:    Checking defaults for U/cmr/m/n on input line 28.
LaTeX Font Info:    ... okay on input line 28.
 (/usr/local/texlive/2010/texmf-dist/tex/context/base/supp-pdf.mkii
[Loading MPS to PDF converter (version 2006.09.02).]
\scratchcounter=\count89
\scratchdimen=\dimen115
\scratchbox=\box26
\nofMPsegments=\count90
\nofMParguments=\count91
\everyMPshowfont=\toks15
\MPscratchCnt=\count92
\MPscratchDim=\dimen116
\MPnumerator=\count93
\everyMPtoPDFconversion=\toks16
)
LaTeX Font Info:    External font `cmex10' loaded for size
(Font)              <12> on input line 39.
LaTeX Font Info:    External font `cmex10' loaded for size
(Font)              <8> on input line 39.
LaTeX Font Info:    External font `cmex10' loaded for size
(Font)              <6> on input line 39.
 [1


{/usr/local/texlive/2010/texmf-var/fonts/map/pdftex/updmap/pdftex.map}]
\c@Exercise=\count94

(./manual2.toc
LaTeX Font Info:    External font `cmex10' loaded for size
(Font)              <10.95> on input line 2.
 [1

] [2]
LaTeX Font Info:    External font `cmex10' loaded for size
(Font)              <7> on input line 230.
LaTeX Font Info:    External font `cmex10' loaded for size
(Font)              <5> on input line 230.
)
\tf@toc=\write3
\openout3 = `manual2.toc'.

 [3] [4

]
Chapter 1.
[1]
LaTeX Font Info:    External font `cmex10' loaded for size
(Font)              <9> on input line 99.
 [2] [3] [4] [5]
Underfull \vbox (badness 10000) has occurred while \output is active []

 [6]
[7] [8] [9] [10] [11] [12] [13] [14]
Underfull \vbox (badness 10000) has occurred while \output is active []

 [15]
[16] [17]
LaTeX Font Info:    Try loading font information for OMS+cmr on input line 316.

 (/usr/local/texlive/2010/texmf-dist/tex/latex/base/omscmr.fd
File: omscmr.fd 1999/05/25 v2.5h Standard LaTeX font definitions
)
LaTeX Font Info:    Font shape `OMS/cmr/m/n' in size <10.95> not available
(Font)              Font shape `OMS/cmsy/m/n' tried instead on input line 316.

[18] [19] [20] [21] [22] <LsdWork.pdf, id=103, 889.3225pt x 1269.74374pt>
File: LsdWork.pdf Graphic file (type pdf)

<use LsdWork.pdf> [23] [24 <./LsdWork.pdf>] [25

] [26] [27]
Overfull \hbox (42.6538pt too wide) in paragraph at lines 640--641
[]\OT1/cmr/m/n/10.95 The de-fault lo-ca-tions for these files are \OT1/cmtt/m/n
/10.95 /usr/lib \OT1/cmr/m/n/10.95 for the two li-braries and \OT1/cmtt/m/n/10.
95 /usr/include/tclX.Y
 []

[28] <modelbrowser.pdf, id=159, 1017.8025pt x 717.68124pt>
File: modelbrowser.pdf Graphic file (type pdf)

<use modelbrowser.pdf>
Overfull \hbox (6.15979pt too wide) in paragraph at lines 676--677
 [][] 
 []

[29 <./modelbrowser.pdf>] <LMM.pdf, id=173, 1036.87375pt x 715.67375pt>
File: LMM.pdf Graphic file (type pdf)

<use LMM.pdf>
Overfull \hbox (6.15979pt too wide) in paragraph at lines 704--705
 [][] 
 []

[30 <./LMM.pdf>] [31] [32] [33]
Underfull \vbox (badness 10000) has occurred while \output is active []

 [34]
Underfull \vbox (badness 1701) has occurred while \output is active []

 [35]
[36] [37] [38] [39] [40]
Chapter 2.
[41

] <modelbrowser1.pdf, id=223, 756.8275pt x 553.06625pt>
File: modelbrowser1.pdf Graphic file (type pdf)

<use modelbrowser1.pdf> <start.pdf, id=224, 192.72pt x 196.735pt>
File: start.pdf Graphic file (type pdf)

<use start.pdf> <modgrp.pdf, id=225, 287.0725pt x 178.6675pt>
File: modgrp.pdf Graphic file (type pdf)
 <use modgrp.pdf>
<newmodel.pdf, id=226, 248.93pt x 248.93pt>
File: newmodel.pdf Graphic file (type pdf)
 <use newmodel.pdf>

LaTeX Warning: `h' float specifier changed to `ht'.

[42 <./modelbrowser1.pdf>] <LMMnew.pdf, id=240, 761.84625pt x 583.17876pt>
File: LMMnew.pdf Graphic file (type pdf)

<use LMMnew.pdf>
Underfull \vbox (badness 1418) has occurred while \output is active []

 [43 <./start.pdf> <./modgrp.pdf> <./newmodel.pdf>] [44 <./LMMnew.pdf>]
<script.pdf, id=290, 522.95375pt x 489.83pt>
File: script.pdf Graphic file (type pdf)
 <use script.pdf> [45 <./script.pdf>] <lsdbrowser.pdf, id=304, 445.665pt x 542.
025pt>
File: lsdbrowser.pdf Graphic file (type pdf)
 <use lsdbrowser.pdf>
[46] [47 <./lsdbrowser.pdf>] [48] <variable.pdf, id=324, 397.485pt x 409.53pt>
File: variable.pdf Graphic file (type pdf)

<use variable.pdf> <analysis.pdf, id=325, 798.985pt x 426.59375pt>
File: analysis.pdf Graphic file (type pdf)

<use analysis.pdf> [49 <./variable.pdf>] [50 <./analysis.pdf>] [51]
<scriptv.pdf, id=355, 280.04625pt x 208.78pt>
File: scriptv.pdf Graphic file (type pdf)
 <use scriptv.pdf> [52 <./scriptv.pdf>] <edit_var.pdf, id=368, 286.06876pt x 16
9.63374pt>
File: edit_var.pdf Graphic file (type pdf)
 <use edit_var.pdf>
<init.pdf, id=369, 510.90875pt x 408.52625pt>
File: init.pdf Graphic file (type pdf)
 <use init.pdf> [53 <./edit_var.pdf>] [54 <./init.pdf>] <numobject.pdf, id=394,
 510.90875pt x 420.57124pt>
File: numobject.pdf Graphic file (type pdf)

<use numobject.pdf>
Underfull \vbox (badness 1755) has occurred while \output is active []

 [55 <./numobject.pdf>] <selection.pdf, id=407, 284.06125pt x 350.30875pt>
File: selection.pdf Graphic file (type pdf)

<use selection.pdf> [56] [57 <./selection.pdf>]
<simset.pdf, id=424, 286.06876pt x 270.00874pt>
File: simset.pdf Graphic file (type pdf)
 <use simset.pdf> [58 <./simset.pdf>] [59] <abort.pdf, id=441, 387.4475pt x 237
.88875pt>
File: abort.pdf Graphic file (type pdf)
 <use abort.pdf>
[60 <./abort.pdf>] [61] [62] <numobj.pdf, id=464, 293.095pt x 235.88126pt>
File: numobj.pdf Graphic file (type pdf)

<use numobj.pdf> [63 <./numobj.pdf>] [64]
LaTeX Font Info:    Try loading font information for OMS+cmtt on input line 180
4.
LaTeX Font Info:    No file OMScmtt.fd. on input line 1804.


LaTeX Font Warning: Font shape `OMS/cmtt/m/n' undefined
(Font)              using `OMS/cmsy/m/n' instead
(Font)              for symbol `textbraceleft' on input line 1804.

[65] [66] [67] [68] [69] [70] <relqua.pdf, id=501, 483.8075pt x 293.095pt>
File: relqua.pdf Graphic file (type pdf)

<use relqua.pdf>
Overfull \hbox (6.15979pt too wide) in paragraph at lines 2056--2057
 [][] 
 []

[71 <./relqua.pdf>] [72] <elab.pdf, id=530, 255.95625pt x 381.425pt>
File: elab.pdf Graphic file (type pdf)

<use elab.pdf> [73 <./elab.pdf>] [74] [75] [76] [77]
Underfull \vbox (badness 10000) has occurred while \output is active []

 [78]
<sales.pdf, id=559, 483.8075pt x 293.095pt>
File: sales.pdf Graphic file (type pdf)
 <use sales.pdf> [79] [80 <./sales.pdf>] <debugger.pdf, id=579, 608.2725pt x 49
6.85625pt>
File: debugger.pdf Graphic file (type pdf)
 <use debugger.pdf>
<debheader.pdf, id=580, 380.42125pt x 32.12pt>
File: debheader.pdf Graphic file (type pdf)
 <use debheader.pdf> [81 <./debugger.pdf>] <debcopy.pdf, id=593, 178.6675pt x 4
8.18pt>
File: debcopy.pdf Graphic file (type pdf)
 <use debcopy.pdf>
[82 <./debheader.pdf> <./debcopy.pdf>]
<ansales.pdf, id=615, 798.985pt x 426.59375pt>
File: ansales.pdf Graphic file (type pdf)
 <use ansales.pdf>
<RandomWalk.pdf, id=616, 346.29375pt x 684.5575pt>
File: RandomWalk.pdf Graphic file (type pdf)
 <use RandomWalk.pdf>
[83 <./ansales.pdf>] [84 <./RandomWalk.pdf>]
<abmobj.pdf, id=645, 579.16376pt x 417.56pt>
File: abmobj.pdf Graphic file (type pdf)
 <use abmobj.pdf>
Overfull \hbox (14.71983pt too wide) in paragraph at lines 2629--2629
[]\OT1/cmtt/m/n/10 Choose on of the product in the descending Firm's objects[] 

 []

[85 <./abmobj.pdf>]
Overfull \hbox (1.89233pt too wide) in paragraph at lines 2661--2662
[]\OT1/cmr/m/n/10.95 In this way we have both re-quire-ments sat-is-fied. The c
on-sumers' vari-able \OT1/cmr/bx/it/10.95 Pro-ductCho-
 []

[86] [87]
LaTeX Font Info:    Font shape `OT1/cmtt/bx/n' in size <12> not available
(Font)              Font shape `OT1/cmtt/m/n' tried instead on input line 2692.

LaTeX Font Info:    Font shape `OT1/cmtt/bx/n' in size <10> not available
(Font)              Font shape `OT1/cmtt/m/n' tried instead on input line 2692.

 [88]
Underfull \vbox (badness 10000) has occurred while \output is active []

 [89]
Overfull \hbox (51.46951pt too wide) in paragraph at lines 2765--2765
[]\OT1/cmtt/m/n/10 (the first-level Variable is computed by the simulation mana
ger,[] 
 []


Overfull \hbox (72.46933pt too wide) in paragraph at lines 2765--2765
[]\OT1/cmtt/m/n/10 while possible other Variables are triggered by the lower le
vel ones[] 
 []

<v.pdf, id=671, 152.57pt x 377.41pt>
File: v.pdf Graphic file (type pdf)
 <use v.pdf>
Underfull \vbox (badness 1803) has occurred while \output is active []

 [90 <./v.pdf>] [91] [92] <prob.pdf, id=691, 794.97pt x 614.295pt>
File: prob.pdf Graphic file (type pdf)
 <use prob.pdf>
Overfull \hbox (4.21992pt too wide) in paragraph at lines 2912--2912
[]\OT1/cmtt/m/n/10 Evaluate the visibility of the product for the consumer[] 
 []


Underfull \vbox (badness 10000) has occurred while \output is active []

 [93]
[94 <./prob.pdf>] [95] <object.pdf, id=737, 438.63875pt x 331.2375pt>
File: object.pdf Graphic file (type pdf)

<use object.pdf> [96 <./object.pdf>]
<tags.pdf, id=753, 288.07625pt x 236.885pt>
File: tags.pdf Graphic file (type pdf)
 <use tags.pdf>
<selectionb.pdf, id=754, 284.06125pt x 350.30875pt>
File: selectionb.pdf Graphic file (type pdf)
 <use selectionb.pdf>
[97 <./tags.pdf>]
Underfull \vbox (badness 2310) has occurred while \output is active []

 [98 <./selectionb.pdf>] <xycs.pdf, id=781, 180.675pt x 296.10625pt>
File: xycs.pdf Graphic file (type pdf)
 <use xycs.pdf>
[99 <./xycs.pdf>] <alpha.pdf, id=794, 483.8075pt x 323.2075pt>
File: alpha.pdf Graphic file (type pdf)
 <use alpha.pdf>
[100] <createseries.pdf, id=798, 255.95625pt x 381.425pt>
File: createseries.pdf Graphic file (type pdf)

<use createseries.pdf> [101 <./alpha.pdf>] [102 <./createseries.pdf>]
Overfull \hbox (145.96869pt too wide) in paragraph at lines 3120--3120
[] \OT1/cmtt/m/n/10 v[2]=... //to place here the probability of the consumer's 
product to be replaced[] 
 []


Underfull \vbox (badness 10000) has occurred while \output is active []

 [103]
[104]
Overfull \hbox (4.21992pt too wide) in paragraph at lines 3196--3196
[]\OT1/cmtt/m/n/10 Evaluate the visibility of the product for the consumer[] 
 []

[105]
Overfull \hbox (114.46896pt too wide) in paragraph at lines 3240--3240
[]\OT1/cmtt/m/n/10 Initialization function, executed once and then transformed 
into a parameter[] 
 []


Overfull \hbox (61.96942pt too wide) in paragraph at lines 3240--3240
[]\OT1/cmtt/m/n/10 The function 'assigns' randomly one of the firms to each con
sumer.[] 
 []


Overfull \hbox (130.21883pt too wide) in paragraph at lines 3240--3240
[]\OT1/cmtt/m/n/10 In the process computes also the market shares, which must b
e initialized to 0.[] 
 []


Underfull \vbox (badness 10000) has occurred while \output is active []

 [106]
Overfull \hbox (67.72182pt too wide) in paragraph at lines 3248--3249
[]\OT1/cmr/m/n/10.95 In the cy-cle for con-sumers, the equa-tion per-forms the 
fol-low-ing op-er-a-tions. \OT1/cmtt/m/n/10 cur1=RNDDRAWFAIR("Firm")
 []

[107]
Overfull \hbox (114.46896pt too wide) in paragraph at lines 3294--3294
[]\OT1/cmtt/m/n/10 Initialization function, executed once and then transformed 
into a parameter[] 
 []


Overfull \hbox (61.96942pt too wide) in paragraph at lines 3294--3294
[]\OT1/cmtt/m/n/10 The function 'assigns' randomly one of the firms to each con
sumer.[] 
 []


Overfull \hbox (130.21883pt too wide) in paragraph at lines 3294--3294
[]\OT1/cmtt/m/n/10 In the process computes also the market shares, which must b
e initialized to 0.[] 
 []

[108] <sc.pdf, id=846, 483.8075pt x 293.095pt>
File: sc.pdf Graphic file (type pdf)
 <use sc.pdf> [109] [110 <./sc.pdf>] [111]
Overfull \hbox (114.46896pt too wide) in paragraph at lines 3479--3479
[]\OT1/cmtt/m/n/10 Initialization function, executed once and then transformed 
into a parameter[] 
 []


Overfull \hbox (61.96942pt too wide) in paragraph at lines 3479--3479
[]\OT1/cmtt/m/n/10 The function 'assigns' randomly one of the firms to each con
sumer.[] 
 []


Overfull \hbox (130.21883pt too wide) in paragraph at lines 3479--3479
[]\OT1/cmtt/m/n/10 In the process computes also the market shares, which must b
e initialized to 0.[] 
 []


Underfull \vbox (badness 10000) has occurred while \output is active []

 [112]
[113] [114] <createreport.pdf, id=878, 616.3025pt x 466.74374pt>
File: createreport.pdf Graphic file (type pdf)

<use createreport.pdf> [115 <./createreport.pdf>]
<report.pdf, id=892, 983.675pt x 639.38875pt>
File: report.pdf Graphic file (type pdf)
 <use report.pdf> [116 <./report.pdf>] [117] [118] [119] [120

]
Chapter 3.
<LMM2.pdf, id=918, 1036.87375pt x 715.67375pt>
File: LMM2.pdf Graphic file (type pdf)
 <use LMM2.pdf>
Overfull \hbox (6.15979pt too wide) in paragraph at lines 3731--3732
 [][] 
 []


Underfull \vbox (badness 2903) has occurred while \output is active []

 [121 <./LMM2.pdf>] <LMM_minimenu.pdf, id=932, 166.6225pt x 196.735pt>
File: LMM_minimenu.pdf Graphic file (type pdf)

<use LMM_minimenu.pdf> <LMM_script.pdf, id=933, 522.95375pt x 489.83pt>
File: LMM_script.pdf Graphic file (type pdf)

<use LMM_script.pdf> [122 <./LMM_minimenu.pdf>]
LaTeX Font Info:    Font shape `OT1/cmtt/bx/n' in size <10.95> not available
(Font)              Font shape `OT1/cmtt/m/n' tried instead on input line 3779.

LaTeX Font Info:    Try loading font information for OMS+cmss on input line 378
3.
LaTeX Font Info:    No file OMScmss.fd. on input line 3783.


LaTeX Font Warning: Font shape `OMS/cmss/bx/n' undefined
(Font)              using `OMS/cmsy/m/n' instead
(Font)              for symbol `textbraceleft' on input line 3783.

[123 <./LMM_script.pdf>] <browsemodels.pdf, id=960, 725.71124pt x 520.94624pt>
File: browsemodels.pdf Graphic file (type pdf)

<use browsemodels.pdf> [124 <./browsemodels.pdf>]
<comp_err.pdf, id=973, 739.76375pt x 584.1825pt>
File: comp_err.pdf Graphic file (type pdf)
 <use comp_err.pdf> [125 <./comp_err.pdf>] [126] [127] <browser1.pdf, id=993, 4
47.6725pt x 554.07pt>
File: browser1.pdf Graphic file (type pdf)

<use browser1.pdf> [128 <./browser1.pdf>]
<element_opt.pdf, id=1008, 551.05875pt x 611.28375pt>
File: element_opt.pdf Graphic file (type pdf)
 <use element_opt.pdf>
[129] [130 <./element_opt.pdf>]
<obj_opt.pdf, id=1025, 557.08125pt x 390.45876pt>
File: obj_opt.pdf Graphic file (type pdf)
 <use obj_opt.pdf> [131 <./obj_opt.pdf>] <new_var.pdf, id=1039, 553.06625pt x 2
54.9525pt>
File: new_var.pdf Graphic file (type pdf)
 <use new_var.pdf>
[132 <./new_var.pdf>] [133]
File: createreport.pdf Graphic file (type pdf)
 <use createreport.pdf> [134] [135] [136] [137]
File: simset.pdf Graphic file (type pdf)

<use simset.pdf> [138] [139] [140]
<ex_report.pdf, id=1079, 1285.80376pt x 961.5925pt>
File: ex_report.pdf Graphic file (type pdf)
 <use ex_report.pdf>
[141 <./ex_report.pdf>] <objnum.pdf, id=1093, 707.64375pt x 546.04pt>
File: objnum.pdf Graphic file (type pdf)

<use objnum.pdf> [142 <./objnum.pdf>]
<objnum1.pdf, id=1107, 314.17375pt x 315.1775pt>
File: objnum1.pdf Graphic file (type pdf)
 <use objnum1.pdf>
Underfull \vbox (badness 10000) has occurred while \output is active []

 [143 <./objnum1.pdf>] <init1.pdf, id=1121, 713.66624pt x 545.03625pt>
File: init1.pdf Graphic file (type pdf)
 <use init1.pdf>
[144 <./init1.pdf>] <setall.pdf, id=1135, 536.0025pt x 592.2125pt>
File: setall.pdf Graphic file (type pdf)

<use setall.pdf> [145 <./setall.pdf>] [146]
<AnaResult.pdf, id=1153, 1086.0575pt x 629.35126pt>
File: AnaResult.pdf Graphic file (type pdf)
 <use AnaResult.pdf>
[147 <./AnaResult.pdf>] <add_series.pdf, id=1167, 200.75pt x 193.72375pt>
File: add_series.pdf Graphic file (type pdf)

<use add_series.pdf> [148]
<create_series.pdf, id=1171, 255.95625pt x 381.425pt>
File: create_series.pdf Graphic file (type pdf)
 <use create_series.pdf>
[149 <./add_series.pdf> <./create_series.pdf>] [150]
<sselection.pdf, id=1196, 284.06125pt x 350.30875pt>
File: sselection.pdf Graphic file (type pdf)
 <use sselection.pdf>
[151 <./sselection.pdf>]
Underfull \vbox (badness 3312) has occurred while \output is active []

 [152]
<example_graph.pdf, id=1213, 491.8375pt x 350.30875pt>
File: example_graph.pdf Graphic file (type pdf)
 <use example_graph.pdf>
<cross_section.pdf, id=1214, 655.44875pt x 470.75874pt>
File: cross_section.pdf Graphic file (type pdf)

<use cross_section.pdf> <xy_cross.pdf, id=1215, 956.57375pt x 666.49pt>
File: xy_cross.pdf Graphic file (type pdf)

<use xy_cross.pdf> <example_scatter_time.pdf, id=1216, 956.57375pt x 666.49pt>
File: example_scatter_time.pdf Graphic file (type pdf)

<use example_scatter_time.pdf>
<ex_histo.pdf, id=1217, 655.44875pt x 470.75874pt>
File: ex_histo.pdf Graphic file (type pdf)
 <use ex_histo.pdf>
<ex_lattice.pdf, id=1218, 816.04875pt x 842.14626pt>
File: ex_lattice.pdf Graphic file (type pdf)
 <use ex_lattice.pdf>
<ex_statistics.pdf, id=1219, 596.2275pt x 414.54875pt>
File: ex_statistics.pdf Graphic file (type pdf)
 <use ex_statistics.pdf>
[153 <./example_graph.pdf>] [154 <./cross_section.pdf> <./xy_cross.pdf>]
[155 <./example_scatter_time.pdf> <./ex_histo.pdf>] [156 <./ex_lattice.pdf> <./
ex_statistics.pdf>] <crossection.pdf, id=1299, 395.4775pt x 242.9075pt>
File: crossection.pdf Graphic file (type pdf)

<use crossection.pdf> <23d_time.pdf, id=1300, 180.675pt x 259.97125pt>
File: 23d_time.pdf Graphic file (type pdf)

<use 23d_time.pdf> [157

 <./crossection.pdf>]
<phasedia.pdf, id=1313, 139.52126pt x 189.70876pt>
File: phasedia.pdf Graphic file (type pdf)
 <use phasedia.pdf>
<cs_xy.pdf, id=1314, 180.675pt x 363.3575pt>
File: cs_xy.pdf Graphic file (type pdf)
 <use cs_xy.pdf>
Underfull \vbox (badness 3138) has occurred while \output is active []

 [158 <./23d_time.pdf> <./phasedia.pdf>]
Underfull \vbox (badness 10000) has occurred while \output is active []

 [159 <./cs_xy.pdf>] <export.pdf, id=1349, 142.5325pt x 440.64626pt>
File: export.pdf Graphic file (type pdf)
 <use export.pdf>
[160]
File: debugger.pdf Graphic file (type pdf)
 <use debugger.pdf> [161 <./export.pdf>]
<variab_debug.pdf, id=1365, 187.70125pt x 298.11375pt>
File: variab_debug.pdf Graphic file (type pdf)
 <use variab_debug.pdf>
[162] [163 <./variab_debug.pdf>] [164]
<log.pdf, id=1385, 707.64375pt x 498.86375pt>
File: log.pdf Graphic file (type pdf)
 <use log.pdf> [165 <./log.pdf>]
<model_structure.pdf, id=1400, 580.1675pt x 416.55624pt>
File: model_structure.pdf Graphic file (type pdf)

<use model_structure.pdf> [166 <./model_structure.pdf>] [167] [168] [169]
[170] [171] [172]
Underfull \vbox (badness 1038) has occurred while \output is active []

 [173]
Underfull \hbox (badness 10000) in paragraph at lines 5059--5068

 []

[174] [175] [176] [177] [178] [179] [180] [181] [182]
Overfull \hbox (2.05316pt too wide) in paragraph at lines 5501--5502
[]\OT1/cmtt/m/n/10 WHTAVEL("X","W",lag) \OT1/cmr/m/n/10.95 or \OT1/cmtt/m/n/10 
p-$\OML/cmm/m/it/10 >$\OT1/cmtt/m/n/10 whg[]av("W","X",lag)\OT1/cmr/m/n/10.95 :
 Re-turn the av-er-age of \OT1/cmr/bx/it/10.95 X \OT1/cmr/m/n/10.95 weighted
 []


Overfull \hbox (7.30312pt too wide) in paragraph at lines 5503--5504
[]\OT1/cmtt/m/n/10 WHTAVES(obj, "X","W") \OT1/cmr/m/n/10.95 or \OT1/cmtt/m/n/10
 obj-$\OML/cmm/m/it/10 >$\OT1/cmtt/m/n/10 whg[]av("W","X",0)\OT1/cmr/m/n/10.95 
: Re-turn the av-er-age of \OT1/cmr/bx/it/10.95 X \OT1/cmr/m/n/10.95 weighted
 []

[183] [184]
Overfull \hbox (0.28087pt too wide) in paragraph at lines 5591--5592
[]\OT1/cmtt/m/n/10 WRITES(obj, "X",value) \OT1/cmr/m/n/10.95 or \OT1/cmtt/m/n/1
0 obj-$\OML/cmm/m/it/10 >$\OT1/cmtt/m/n/10 write("X",value,0) \OT1/cmr/m/n/10.9
5 : Re-place with \OT1/cmtt/m/n/10 value \OT1/cmr/m/n/10.95 the value
 []


Overfull \hbox (8.06784pt too wide) in paragraph at lines 5593--5594
[]\OT1/cmtt/m/n/10 WRITELS(obj, "X",value, time) \OT1/cmr/m/n/10.95 or \OT1/cmt
t/m/n/10 obj-$\OML/cmm/m/it/10 >$\OT1/cmtt/m/n/10 write("X",value,time) \OT1/cm
r/m/n/10.95 : Re-place with \OT1/cmtt/m/n/10 value
 []

[185] [186]
Overfull \hbox (0.14165pt too wide) in paragraph at lines 5706--5707
[]\OT1/cmtt/m/n/10 SEARCH[]CNDL("X",value, lag) \OT1/cmr/m/n/10.95 or \OT1/cmtt
/m/n/10 p-$\OML/cmm/m/it/10 >$\OT1/cmtt/m/n/10 search[]var[]cond("X",value,lag)
\OT1/cmr/m/n/10.95 : re-turn the ob-
 []


Overfull \hbox (1.60796pt too wide) in paragraph at lines 5710--5711
[]\OT1/cmtt/m/n/10 SEARCH[]CNDLS(obj,"X",value, lag) \OT1/cmr/m/n/10.95 or \OT1
/cmtt/m/n/10 obj-$\OML/cmm/m/it/10 >$\OT1/cmtt/m/n/10 search[]var[]cond("X",val
ue,lag)\OT1/cmr/m/n/10.95 : re-turn
 []

[187]
Overfull \hbox (7.00569pt too wide) in paragraph at lines 5780--5781
[]\OT1/cmtt/m/n/10 RNDDRAWTOTLS(obj, "X","Y", lag, tot) \OT1/cmr/m/n/10.95 or \
OT1/cmtt/m/n/10 obj-$\OML/cmm/m/it/10 >$\OT1/cmtt/m/n/10 draw[]rnd("X", "Y", la
g, tot) \OT1/cmr/m/n/10.95 : Re-
 []

[188]
Overfull \hbox (0.35999pt too wide) in paragraph at lines 5867--5869
\OT1/cmtt/m/n/10 obj-$\OML/cmm/m/it/10 >$\OT1/cmtt/m/n/10 lsdqsort("ObjLabel","
VarOrParLabel",DIRECTION) \OT1/cmr/m/n/10.95 : Sorts the group of ob-jects
 []

[189] [190] [191]
Overfull \hbox (0.14021pt too wide) in paragraph at lines 6011--6012
[]\OT1/cmr/m/n/10.95 The com-mand ad-mits also the for-mat \OT1/cmtt/m/n/10 INT
ERACTS(obj, "message", value)\OT1/cmr/m/n/10.95 , which makes
 []

[192] [193] [194] [195] [196] [197] [198]
Chapter 4.
[199

] (./manual2.aux)

LaTeX Font Warning: Some font shapes were not available, defaults substituted.


LaTeX Warning: There were multiply-defined labels.

 ) 
Here is how much of TeX's memory you used:
 2228 strings out of 493747
 31634 string characters out of 3143546
 88651 words of memory out of 3000000
 5421 multiletter control sequences out of 15000+200000
 15593 words of font info for 54 fonts, out of 3000000 for 9000
 714 hyphenation exceptions out of 8191
 41i,12n,24p,2926b,337s stack positions out of 5000i,500n,10000p,200000b,50000s
</usr/local/texlive/2010/texmf-dist/fonts/type1/public/amsfonts/cm/cmbx10.pfb
></usr/local/texlive/2010/texmf-dist/fonts/type1/public/amsfonts/cm/cmbx12.pfb>
</usr/local/texlive/2010/texmf-dist/fonts/type1/public/amsfonts/cm/cmbx8.pfb></
usr/local/texlive/2010/texmf-dist/fonts/type1/public/amsfonts/cm/cmbxti10.pfb><
/usr/local/texlive/2010/texmf-dist/fonts/type1/public/amsfonts/cm/cmcsc10.pfb><
/usr/local/texlive/2010/texmf-dist/fonts/type1/public/amsfonts/cm/cmex10.pfb></
usr/local/texlive/2010/texmf-dist/fonts/type1/public/amsfonts/cm/cmmi10.pfb></u
sr/local/texlive/2010/texmf-dist/fonts/type1/public/amsfonts/cm/cmmi6.pfb></usr
/local/texlive/2010/texmf-dist/fonts/type1/public/amsfonts/cm/cmmi7.pfb></usr/l
ocal/texlive/2010/texmf-dist/fonts/type1/public/amsfonts/cm/cmmi8.pfb></usr/loc
al/texlive/2010/texmf-dist/fonts/type1/public/amsfonts/cm/cmmi9.pfb></usr/local
/texlive/2010/texmf-dist/fonts/type1/public/amsfonts/cm/cmr10.pfb></usr/local/t
exlive/2010/texmf-dist/fonts/type1/public/amsfonts/cm/cmr12.pfb></usr/local/tex
live/2010/texmf-dist/fonts/type1/public/amsfonts/cm/cmr6.pfb></usr/local/texliv
e/2010/texmf-dist/fonts/type1/public/amsfonts/cm/cmr7.pfb></usr/local/texlive/2
010/texmf-dist/fonts/type1/public/amsfonts/cm/cmr8.pfb></usr/local/texlive/2010
/texmf-dist/fonts/type1/public/amsfonts/cm/cmr9.pfb></usr/local/texlive/2010/te
xmf-dist/fonts/type1/public/amsfonts/cm/cmsl10.pfb></usr/local/texlive/2010/tex
mf-dist/fonts/type1/public/amsfonts/cm/cmssbx10.pfb></usr/local/texlive/2010/te
xmf-dist/fonts/type1/public/amsfonts/cm/cmsy10.pfb></usr/local/texlive/2010/tex
mf-dist/fonts/type1/public/amsfonts/cm/cmsy6.pfb></usr/local/texlive/2010/texmf
-dist/fonts/type1/public/amsfonts/cm/cmsy7.pfb></usr/local/texlive/2010/texmf-d
ist/fonts/type1/public/amsfonts/cm/cmsy8.pfb></usr/local/texlive/2010/texmf-dis
t/fonts/type1/public/amsfonts/cm/cmti10.pfb></usr/local/texlive/2010/texmf-dist
/fonts/type1/public/amsfonts/cm/cmti9.pfb></usr/local/texlive/2010/texmf-dist/f
onts/type1/public/amsfonts/cm/cmtt10.pfb></usr/local/texlive/2010/texmf-dist/fo
nts/type1/public/amsfonts/cm/cmtt9.pfb>
Output written on manual2.pdf (204 pages, 3550166 bytes).
PDF statistics:
 1609 PDF objects out of 1728 (max. 8388607)
 1106 compressed objects within 12 object streams
 0 named destinations out of 1000 (max. 500000)
 366 words of extra memory for PDF output out of 10000 (max. 10000000)

