This is pdfTeX, Version 3.1415926-2.4-1.40.13 (TeX Live 2012) (format=latex 2013.6.4)  23 JAN 2014 18:52
entering extended mode
 restricted \write18 enabled.
 file:line:error style messages enabled.
 %&-line parsing enabled.
**manual.tex
(./manual.tex
LaTeX2e <2011/06/27>
Babel <v3.8m> and hyphenation patterns for english, dumylang, nohyphenation, ge
rman-x-2012-05-30, ngerman-x-2012-05-30, afrikaans, ancientgreek, ibycus, arabi
c, armenian, basque, bulgarian, catalan, pinyin, coptic, croatian, czech, danis
h, dutch, ukenglish, usenglishmax, esperanto, estonian, ethiopic, farsi, finnis
h, french, friulan, galician, german, ngerman, swissgerman, monogreek, greek, h
ungarian, icelandic, assamese, bengali, gujarati, hindi, kannada, malayalam, ma
rathi, oriya, panjabi, tamil, telugu, indonesian, interlingua, irish, italian, 
kurmanji, latin, latvian, lithuanian, mongolian, mongolianlmc, bokmal, nynorsk,
 piedmontese, polish, portuguese, romanian, romansh, russian, sanskrit, serbian
, serbianc, slovak, slovenian, spanish, swedish, turkish, turkmen, ukrainian, u
ppersorbian, welsh, loaded.
(/usr/local/texlive/2012/texmf-dist/tex/latex/base/book.cls
Document Class: book 2007/10/19 v1.4h Standard LaTeX document class
(/usr/local/texlive/2012/texmf-dist/tex/latex/base/bk11.clo
File: bk11.clo 2007/10/19 v1.4h Standard LaTeX file (size option)
)
\c@part=\count79
\c@chapter=\count80
\c@section=\count81
\c@subsection=\count82
\c@subsubsection=\count83
\c@paragraph=\count84
\c@subparagraph=\count85
\c@figure=\count86
\c@table=\count87
\abovecaptionskip=\skip41
\belowcaptionskip=\skip42
\bibindent=\dimen102
)
(/usr/local/texlive/2012/texmf-dist/tex/latex/harvard/harvard.sty
Package: harvard 

(/usr/local/texlive/2012/texmf-dist/tex/latex/base/ifthen.sty
Package: ifthen 2001/05/26 v1.1c Standard LaTeX ifthen package (DPC)
))
(/usr/local/texlive/2012/texmf-dist/tex/latex/graphics/graphicx.sty
Package: graphicx 1999/02/16 v1.0f Enhanced LaTeX Graphics (DPC,SPQR)

(/usr/local/texlive/2012/texmf-dist/tex/latex/graphics/keyval.sty
Package: keyval 1999/03/16 v1.13 key=value parser (DPC)
\KV@toks@=\toks14
)
(/usr/local/texlive/2012/texmf-dist/tex/latex/graphics/graphics.sty
Package: graphics 2009/02/05 v1.0o Standard LaTeX Graphics (DPC,SPQR)

(/usr/local/texlive/2012/texmf-dist/tex/latex/graphics/trig.sty
Package: trig 1999/03/16 v1.09 sin cos tan (DPC)
)
(/usr/local/texlive/2012/texmf-dist/tex/latex/latexconfig/graphics.cfg
File: graphics.cfg 2010/04/23 v1.9 graphics configuration of TeX Live
)
Package graphics Info: Driver file: dvips.def on input line 91.

(/usr/local/texlive/2012/texmf-dist/tex/latex/graphics/dvips.def
File: dvips.def 1999/02/16 v3.0i Driver-dependant file (DPC,SPQR)
))
\Gin@req@height=\dimen103
\Gin@req@width=\dimen104
)
(/usr/local/texlive/2012/texmf-dist/tex/generic/epsf/epsf.sty
This is `epsf.tex' v2.7.4 <14 February 2011>
\epsffilein=\read1
\epsfframemargin=\dimen105
\epsfframethickness=\dimen106
\epsfrsize=\dimen107
\epsftmp=\dimen108
\epsftsize=\dimen109
\epsfxsize=\dimen110
\epsfysize=\dimen111
\pspoints=\dimen112
) (/usr/local/texlive/2012/texmf-dist/tex/latex/vmargin/vmargin.sty
Package: vmargin 2004/07/15 V2.5 set document margins (VK)

Package: vmargin 2004/07/15 V2.5 set document margins (VK)
\PaperWidth=\dimen113
\PaperHeight=\dimen114
) (./manual.aux)
\openout1 = `manual.aux'.

LaTeX Font Info:    Checking defaults for OML/cmm/m/it on input line 20.
LaTeX Font Info:    ... okay on input line 20.
LaTeX Font Info:    Checking defaults for T1/cmr/m/n on input line 20.
LaTeX Font Info:    ... okay on input line 20.
LaTeX Font Info:    Checking defaults for OT1/cmr/m/n on input line 20.
LaTeX Font Info:    ... okay on input line 20.
LaTeX Font Info:    Checking defaults for OMS/cmsy/m/n on input line 20.
LaTeX Font Info:    ... okay on input line 20.
LaTeX Font Info:    Checking defaults for OMX/cmex/m/n on input line 20.
LaTeX Font Info:    ... okay on input line 20.
LaTeX Font Info:    Checking defaults for U/cmr/m/n on input line 20.
LaTeX Font Info:    ... okay on input line 20.
LaTeX Font Info:    External font `cmex10' loaded for size
(Font)              <12> on input line 31.
LaTeX Font Info:    External font `cmex10' loaded for size
(Font)              <8> on input line 31.
LaTeX Font Info:    External font `cmex10' loaded for size
(Font)              <6> on input line 31.
 [1


]
\c@Exercise=\count88
 (./manual.toc
LaTeX Font Info:    External font `cmex10' loaded for size
(Font)              <10.95> on input line 2.
 [1

] [2]
LaTeX Font Info:    External font `cmex10' loaded for size
(Font)              <7> on input line 223.
LaTeX Font Info:    External font `cmex10' loaded for size
(Font)              <5> on input line 223.
)
\tf@toc=\write3
\openout3 = `manual.toc'.

 [3] [4

]
Chapter 1.
[1] [2] [3] [4]
Underfull \vbox (badness 3815) has occurred while \output is active []

 [5]
[6] [7] [8] [9] [10] [11] [12] [13] [14]
LaTeX Font Info:    Try loading font information for OMS+cmr on input line 268.


(/usr/local/texlive/2012/texmf-dist/tex/latex/base/omscmr.fd
File: omscmr.fd 1999/05/25 v2.5h Standard LaTeX font definitions
)
LaTeX Font Info:    Font shape `OMS/cmr/m/n' in size <10.95> not available
(Font)              Font shape `OMS/cmsy/m/n' tried instead on input line 268.
 [15] [16]
[17] [18]
LaTeX Font Info:    External font `cmex10' loaded for size
(Font)              <9> on input line 448.
 [19]
File: LsdWork.eps Graphic file (type eps)
 <LsdWork.eps> [20] [21] [22

] [23] [24]
Overfull \hbox (42.6538pt too wide) in paragraph at lines 590--591
[]\OT1/cmr/m/n/10.95 The de-fault lo-ca-tions for these files are \OT1/cmtt/m/n
/10.95 /usr/lib \OT1/cmr/m/n/10.95 for the two li-braries and \OT1/cmtt/m/n/10.
95 /usr/include/tcl8.4
 []

[25]
Overfull \hbox (125.45172pt too wide) in paragraph at lines 613--614
\OT1/cmr/m/n/10.95 For Ma-cOS (10.3 and 10.4) see the notes pre-pared by A.Lore
ntz at: https://mail.sssup.it/ alorenz/LSDONMAC.html. 
 []

File: modelbrowser.eps Graphic file (type eps)
<modelbrowser.eps>
Overfull \hbox (6.15979pt too wide) in paragraph at lines 626--627
 [][] 
 []

[26]
File: lmm.eps Graphic file (type eps)
 <lmm.eps>
Overfull \hbox (6.15979pt too wide) in paragraph at lines 654--655
 [][] 
 []

[27] [28] [29] [30] [31] [32] [33] [34] [35] [36] [37] [38

]
Chapter 2.
[39]
File: newmodel.eps Graphic file (type eps)
 <newmodel.eps> [40] [41]

LaTeX Warning: Reference `fig:lsdbrowser' on page 42 undefined on input line 99
4.


LaTeX Warning: Reference `fig:lsdbrowser' on page 42 undefined on input line 99
4.

[42] [43]
File: variable.eps Graphic file (type eps)
 <variable.eps> [44]
File: analysis.eps Graphic file (type eps)
 <analysis.eps> [45]
Underfull \vbox (badness 10000) has occurred while \output is active []

 [46]
[47]
File: scriptv.eps Graphic file (type eps)
 <scriptv.eps> [48]
File: edit_var.eps Graphic file (type eps)
 <edit_var.eps>
File: init.eps Graphic file (type eps)
 <init.eps> [49] [50]
File: numobject.eps Graphic file (type eps)
 <numobject.eps>
[51]
File: selection.eps Graphic file (type eps)
 <selection.eps> [52] [53]
File: simset.eps Graphic file (type eps)
 <simset.eps> [54] [55]
File: abort.eps Graphic file (type eps)
 <abort.eps> [56] [57]
File: numobj.eps Graphic file (type eps)

<numobj.eps> [58] [59] [60]
LaTeX Font Info:    Try loading font information for OMS+cmtt on input line 176
6.
LaTeX Font Info:    No file OMScmtt.fd. on input line 1766.


LaTeX Font Warning: Font shape `OMS/cmtt/m/n' undefined
(Font)              using `OMS/cmsy/m/n' instead
(Font)              for symbol `textbraceleft' on input line 1766.

[61] [62] [63] [64] [65] [66]
File: relqua.eps Graphic file (type eps)
 <relqua.eps>
Overfull \hbox (6.15979pt too wide) in paragraph at lines 2018--2019
 [][] 
 []

[67] [68]
File: elab.eps Graphic file (type eps)
 <elab.eps> [69] [70] [71] [72] [73] [74]
File: sales.eps Graphic file (type eps)
 <sales.eps> [75]
File: debugger.eps Graphic file (type eps)

<debugger.eps> [76]
File: debheader.eps Graphic file (type eps)
 <debheader.eps> [77]
File: debcopy.eps Graphic file (type eps)
 <debcopy.eps>
File: ansales.eps Graphic file (type eps)
 <ansales.eps> [78]
File: RandomWalk.eps Graphic file (type eps)

<RandomWalk.eps> [79]
File: abmobj.eps Graphic file (type eps)
 <abmobj.eps>
Overfull \hbox (14.71983pt too wide) in paragraph at lines 2591--2591
[]\OT1/cmtt/m/n/10 Choose on of the product in the descending Firm's objects[] 

 []


Underfull \vbox (badness 2277) has occurred while \output is active []

 [80]
[81]
Overfull \hbox (1.89233pt too wide) in paragraph at lines 2623--2624
[]\OT1/cmr/m/n/10.95 In this way we have both re-quire-ments sat-is-fied. The c
on-sumers' vari-able \OT1/cmr/bx/it/10.95 Pro-ductCho-
 []

[82] [83]
LaTeX Font Info:    Font shape `OT1/cmtt/bx/n' in size <12> not available
(Font)              Font shape `OT1/cmtt/m/n' tried instead on input line 2654.

LaTeX Font Info:    Font shape `OT1/cmtt/bx/n' in size <10> not available
(Font)              Font shape `OT1/cmtt/m/n' tried instead on input line 2654.

 [84]
Overfull \hbox (51.46951pt too wide) in paragraph at lines 2727--2727
[]\OT1/cmtt/m/n/10 (the first-level Variable is computed by the simulation mana
ger,[] 
 []


Overfull \hbox (72.46933pt too wide) in paragraph at lines 2727--2727
[]\OT1/cmtt/m/n/10 while possible other Variables are triggered by the lower le
vel ones[] 
 []


Underfull \vbox (badness 10000) has occurred while \output is active []

 [85]
File: v.eps Graphic file (type eps)

<v.eps> [86] [87] [88]
File: prob.eps Graphic file (type eps)
 <prob.eps> [89]
Overfull \hbox (4.21992pt too wide) in paragraph at lines 2874--2874
[]\OT1/cmtt/m/n/10 Evaluate the visibility of the product for the consumer[] 
 []

[90]
File: object.eps Graphic file (type eps)
 <object.eps> [91]
File: tags.eps Graphic file (type eps)
 <tags.eps> [92]
File: selectionb.eps Graphic file (type eps)
 <selectionb.eps> [93]
File: xycs.eps Graphic file (type eps)
 <xycs.eps>
[94] [95]
File: alpha.eps Graphic file (type eps)
 <alpha.eps> [96]
File: createseries.eps Graphic file (type eps)
 <createseries.eps> [97]
Underfull \vbox (badness 3884) has occurred while \output is active []

 [98]
Overfull \hbox (145.96869pt too wide) in paragraph at lines 3082--3082
[] \OT1/cmtt/m/n/10 v[2]=... //to place here the probability of the consumer's 
product to be replaced[] 
 []

[99] [100]
Overfull \hbox (4.21992pt too wide) in paragraph at lines 3158--3158
[]\OT1/cmtt/m/n/10 Evaluate the visibility of the product for the consumer[] 
 []

[101]
Overfull \hbox (114.46896pt too wide) in paragraph at lines 3202--3202
[]\OT1/cmtt/m/n/10 Initialization function, executed once and then transformed 
into a parameter[] 
 []


Overfull \hbox (61.96942pt too wide) in paragraph at lines 3202--3202
[]\OT1/cmtt/m/n/10 The function 'assigns' randomly one of the firms to each con
sumer.[] 
 []


Overfull \hbox (130.21883pt too wide) in paragraph at lines 3202--3202
[]\OT1/cmtt/m/n/10 In the process computes also the market shares, which must b
e initialized to 0.[] 
 []


Overfull \hbox (67.72182pt too wide) in paragraph at lines 3210--3211
[]\OT1/cmr/m/n/10.95 In the cy-cle for con-sumers, the equa-tion per-forms the 
fol-low-ing op-er-a-tions. \OT1/cmtt/m/n/10 cur1=RNDDRAWFAIR("Firm")
 []

[102]
Overfull \hbox (114.46896pt too wide) in paragraph at lines 3256--3256
[]\OT1/cmtt/m/n/10 Initialization function, executed once and then transformed 
into a parameter[] 
 []


Overfull \hbox (61.96942pt too wide) in paragraph at lines 3256--3256
[]\OT1/cmtt/m/n/10 The function 'assigns' randomly one of the firms to each con
sumer.[] 
 []


Overfull \hbox (130.21883pt too wide) in paragraph at lines 3256--3256
[]\OT1/cmtt/m/n/10 In the process computes also the market shares, which must b
e initialized to 0.[] 
 []


Underfull \vbox (badness 10000) has occurred while \output is active []

 [103]
[104]
File: sc.eps Graphic file (type eps)
 <sc.eps> [105] [106] [107]
Overfull \hbox (114.46896pt too wide) in paragraph at lines 3441--3441
[]\OT1/cmtt/m/n/10 Initialization function, executed once and then transformed 
into a parameter[] 
 []


Overfull \hbox (61.96942pt too wide) in paragraph at lines 3441--3441
[]\OT1/cmtt/m/n/10 The function 'assigns' randomly one of the firms to each con
sumer.[] 
 []


Overfull \hbox (130.21883pt too wide) in paragraph at lines 3441--3441
[]\OT1/cmtt/m/n/10 In the process computes also the market shares, which must b
e initialized to 0.[] 
 []

[108] [109]
File: createreport.eps Graphic file (type eps)
 <createreport.eps> [110]
File: report.eps Graphic file (type eps)
 <report.eps> [111] [112] [113] [114]
Chapter 3.
File: lmm2.eps Graphic file (type eps)
<lmm2.eps>
Overfull \hbox (6.15979pt too wide) in paragraph at lines 3693--3694
 [][] 
 []

[115

]
File: lmm_minimenu.eps Graphic file (type eps)
 <lmm_minimenu.eps>
File: lmm_script.eps Graphic file (type eps)
 <lmm_script.eps> [116]
LaTeX Font Info:    Font shape `OT1/cmtt/bx/n' in size <10.95> not available
(Font)              Font shape `OT1/cmtt/m/n' tried instead on input line 3741.

LaTeX Font Info:    Try loading font information for OMS+cmss on input line 374
5.
LaTeX Font Info:    No file OMScmss.fd. on input line 3745.


LaTeX Font Warning: Font shape `OMS/cmss/bx/n' undefined
(Font)              using `OMS/cmsy/m/n' instead
(Font)              for symbol `textbraceleft' on input line 3745.

[117]
File: browsemodels.eps Graphic file (type eps)
 <browsemodels.eps> [118] [119] [120]
File: log.eps Graphic file (type eps)
 <log.eps> [121]
File: model_structure.eps Graphic file (type eps)

<model_structure.eps>
File: browser1.eps Graphic file (type eps)
 <browser1.eps> [122]
File: element_opt.eps Graphic file (type eps)
 <element_opt.eps> [123] [124]
File: obj_opt.eps Graphic file (type eps)

<obj_opt.eps> [125]
File: new_var.eps Graphic file (type eps)
 <new_var.eps>
Underfull \vbox (badness 1371) has occurred while \output is active []

 [126]
[127]
File: create_report.eps Graphic file (type eps)
 <create_report.eps> [128] [129] [130] [131] [132] [133]
File: ex_report.eps Graphic file (type eps)
 <ex_report.eps>
[134]
File: objnum.eps Graphic file (type eps)
 <objnum.eps>
Underfull \vbox (badness 10000) has occurred while \output is active []

 [135]
File: objnum1.eps Graphic file (type eps)

<objnum1.eps> [136]
File: objnum_compute.eps Graphic file (type eps)
 <objnum_compute.eps> [137]
File: init1.eps Graphic file (type eps)
 <init1.eps> [138]
File: setall.eps Graphic file (type eps)
 <setall.eps>
Underfull \vbox (badness 10000) has occurred while \output is active []

 [139]
[140] [141]
File: AnaResult.eps Graphic file (type eps)
 <AnaResult.eps> [142]
File: add_series.eps Graphic file (type eps)
 <add_series.eps> [143]
File: create_series.eps Graphic file (type eps)
 <create_series.eps>
[144]
File: sselection.eps Graphic file (type eps)
 <sselection.eps> [145] [146] [147]
File: example_graph.eps Graphic file (type eps)
 <example_graph.eps>
File: cross_section.eps Graphic file (type eps)

<cross_section.eps>
File: xy_cross.eps Graphic file (type eps)
 <xy_cross.eps>
File: example_scatter_time.eps Graphic file (type eps)
 <example_scatter_time.eps>
File: ex_histo.eps Graphic file (type eps)
 <ex_histo.eps>
File: ex_lattice.eps Graphic file (type eps)

<ex_lattice.eps>
File: ex_statistics.eps Graphic file (type eps)
 <ex_statistics.eps> [148] [149] [150] [151]
File: crossection.eps Graphic file (type eps)
 <crossection.eps>
File: 23d_time.eps Graphic file (type eps)

<23d_time.eps> [152

]
File: phasedia.eps Graphic file (type eps)
 <phasedia.eps>
File: cs_xy.eps Graphic file (type eps)
 <cs_xy.eps>
Underfull \vbox (badness 3138) has occurred while \output is active []

 [153]
Underfull \vbox (badness 10000) has occurred while \output is active []

 [154]
File: export.eps Graphic file (type eps)

<export.eps> [155]
File: debugger.eps Graphic file (type eps)
 <debugger.eps> [156]
File: variab_debug.eps Graphic file (type eps)
 <variab_debug.eps> [157] [158] [159]
[160] [161] [162] [163] [164] [165] [166]
Underfull \hbox (badness 10000) in paragraph at lines 4964--4973

 []

[167] [168] [169] [170] [171] [172] [173] [174] [175]
Overfull \hbox (2.05316pt too wide) in paragraph at lines 5406--5407
[]\OT1/cmtt/m/n/10 WHTAVEL("X","W",lag) \OT1/cmr/m/n/10.95 or \OT1/cmtt/m/n/10 
p-$\OML/cmm/m/it/10 >$\OT1/cmtt/m/n/10 whg[]av("W","X",lag)\OT1/cmr/m/n/10.95 :
 Re-turn the av-er-age of \OT1/cmr/bx/it/10.95 X \OT1/cmr/m/n/10.95 weighted
 []


Overfull \hbox (7.30312pt too wide) in paragraph at lines 5408--5409
[]\OT1/cmtt/m/n/10 WHTAVES(obj, "X","W") \OT1/cmr/m/n/10.95 or \OT1/cmtt/m/n/10
 obj-$\OML/cmm/m/it/10 >$\OT1/cmtt/m/n/10 whg[]av("W","X",0)\OT1/cmr/m/n/10.95 
: Re-turn the av-er-age of \OT1/cmr/bx/it/10.95 X \OT1/cmr/m/n/10.95 weighted
 []

[176] [177]
Overfull \hbox (0.28087pt too wide) in paragraph at lines 5496--5497
[]\OT1/cmtt/m/n/10 WRITES(obj, "X",value) \OT1/cmr/m/n/10.95 or \OT1/cmtt/m/n/1
0 obj-$\OML/cmm/m/it/10 >$\OT1/cmtt/m/n/10 write("X",value,0) \OT1/cmr/m/n/10.9
5 : Re-place with \OT1/cmtt/m/n/10 value \OT1/cmr/m/n/10.95 the value
 []


Overfull \hbox (8.06784pt too wide) in paragraph at lines 5498--5499
[]\OT1/cmtt/m/n/10 WRITELS(obj, "X",value, time) \OT1/cmr/m/n/10.95 or \OT1/cmt
t/m/n/10 obj-$\OML/cmm/m/it/10 >$\OT1/cmtt/m/n/10 write("X",value,time) \OT1/cm
r/m/n/10.95 : Re-place with \OT1/cmtt/m/n/10 value
 []

[178] [179]
Overfull \hbox (0.14165pt too wide) in paragraph at lines 5611--5612
[]\OT1/cmtt/m/n/10 SEARCH[]CNDL("X",value, lag) \OT1/cmr/m/n/10.95 or \OT1/cmtt
/m/n/10 p-$\OML/cmm/m/it/10 >$\OT1/cmtt/m/n/10 search[]var[]cond("X",value,lag)
\OT1/cmr/m/n/10.95 : re-turn the ob-
 []


Overfull \hbox (1.60796pt too wide) in paragraph at lines 5615--5616
[]\OT1/cmtt/m/n/10 SEARCH[]CNDLS(obj,"X",value, lag) \OT1/cmr/m/n/10.95 or \OT1
/cmtt/m/n/10 obj-$\OML/cmm/m/it/10 >$\OT1/cmtt/m/n/10 search[]var[]cond("X",val
ue,lag)\OT1/cmr/m/n/10.95 : re-turn
 []

[180]
Overfull \hbox (7.00569pt too wide) in paragraph at lines 5685--5686
[]\OT1/cmtt/m/n/10 RNDDRAWTOTLS(obj, "X","Y", lag, tot) \OT1/cmr/m/n/10.95 or \
OT1/cmtt/m/n/10 obj-$\OML/cmm/m/it/10 >$\OT1/cmtt/m/n/10 draw[]rnd("X", "Y", la
g, tot) \OT1/cmr/m/n/10.95 : Re-
 []

[181]
Overfull \hbox (0.35999pt too wide) in paragraph at lines 5772--5774
\OT1/cmtt/m/n/10 obj-$\OML/cmm/m/it/10 >$\OT1/cmtt/m/n/10 lsdqsort("ObjLabel","
VarOrParLabel",DIRECTION) \OT1/cmr/m/n/10.95 : Sorts the group of ob-jects
 []

[182] [183] [184]
Overfull \hbox (0.14021pt too wide) in paragraph at lines 5916--5917
[]\OT1/cmr/m/n/10.95 The com-mand ad-mits also the for-mat \OT1/cmtt/m/n/10 INT
ERACTS(obj, "message", value)\OT1/cmr/m/n/10.95 , which makes
 []

[185] [186] [187] [188] [189] [190] [191] [192

]
Chapter 4.
[193] (./manual.aux)

LaTeX Font Warning: Some font shapes were not available, defaults substituted.


LaTeX Warning: There were undefined references.

 ) 
Here is how much of TeX's memory you used:
 1193 strings out of 493482
 14698 string characters out of 3140989
 69042 words of memory out of 3000000
 4454 multiletter control sequences out of 15000+200000
 15284 words of font info for 53 fonts, out of 3000000 for 9000
 957 hyphenation exceptions out of 8191
 26i,10n,23p,2925b,273s stack positions out of 5000i,500n,10000p,200000b,50000s

Output written on manual.dvi (198 pages, 786000 bytes).
